[2024-05-12T15:42:25.876+0000] {local_task_job_runner.py:120} INFO - ::group::Pre task execution logs
[2024-05-12T15:42:25.892+0000] {taskinstance.py:2076} INFO - Dependencies all met for dep_context=non-requeueable deps ti=<TaskInstance: web_article_scraping.load manual__2024-05-12T15:42:15.737439+00:00 [queued]>
[2024-05-12T15:42:25.898+0000] {taskinstance.py:2076} INFO - Dependencies all met for dep_context=requeueable deps ti=<TaskInstance: web_article_scraping.load manual__2024-05-12T15:42:15.737439+00:00 [queued]>
[2024-05-12T15:42:25.899+0000] {taskinstance.py:2306} INFO - Starting attempt 1 of 1
[2024-05-12T15:42:25.909+0000] {taskinstance.py:2330} INFO - Executing <Task(PythonOperator): load> on 2024-05-12 15:42:15.737439+00:00
[2024-05-12T15:42:25.913+0000] {warnings.py:110} WARNING - /home/***/.local/lib/python3.12/site-packages/***/task/task_runner/standard_task_runner.py:61: DeprecationWarning: This process (pid=4498) is multi-threaded, use of fork() may lead to deadlocks in the child.
  pid = os.fork()

[2024-05-12T15:42:25.914+0000] {standard_task_runner.py:63} INFO - Started process 4500 to run task
[2024-05-12T15:42:25.914+0000] {standard_task_runner.py:90} INFO - Running: ['***', 'tasks', 'run', 'web_article_scraping', 'load', 'manual__2024-05-12T15:42:15.737439+00:00', '--job-id', '92', '--raw', '--subdir', 'DAGS_FOLDER/mlops_dag.py', '--cfg-path', '/tmp/tmphfsrsepo']
[2024-05-12T15:42:25.915+0000] {standard_task_runner.py:91} INFO - Job 92: Subtask load
[2024-05-12T15:42:25.948+0000] {task_command.py:426} INFO - Running <TaskInstance: web_article_scraping.load manual__2024-05-12T15:42:15.737439+00:00 [running]> on host 8b349270b58a
[2024-05-12T15:42:26.003+0000] {taskinstance.py:2648} INFO - Exporting env vars: AIRFLOW_CTX_DAG_OWNER='***' AIRFLOW_CTX_DAG_ID='web_article_scraping' AIRFLOW_CTX_TASK_ID='load' AIRFLOW_CTX_EXECUTION_DATE='2024-05-12T15:42:15.737439+00:00' AIRFLOW_CTX_TRY_NUMBER='1' AIRFLOW_CTX_DAG_RUN_ID='manual__2024-05-12T15:42:15.737439+00:00'
[2024-05-12T15:42:26.005+0000] {taskinstance.py:430} INFO - ::endgroup::
[2024-05-12T15:42:27.489+0000] {mlops_dag.py:36} WARNING - No valid title or description for URL: https://www.bbc.com/news/world-europe-68998913
[2024-05-12T15:42:27.491+0000] {mlops_dag.py:80} INFO - No data extracted for https://www.bbc.com/news/world-europe-68998913
[2024-05-12T15:42:27.656+0000] {mlops_dag.py:36} WARNING - No valid title or description for URL: https://www.bbc.com/news/uk-politics-68999212
[2024-05-12T15:42:27.658+0000] {mlops_dag.py:80} INFO - No data extracted for https://www.bbc.com/news/uk-politics-68999212
[2024-05-12T15:42:27.833+0000] {mlops_dag.py:36} WARNING - No valid title or description for URL: https://www.bbc.com/news/world-europe-68998913
[2024-05-12T15:42:27.834+0000] {mlops_dag.py:80} INFO - No data extracted for https://www.bbc.com/news/world-europe-68998913
[2024-05-12T15:42:28.006+0000] {mlops_dag.py:36} WARNING - No valid title or description for URL: https://www.bbc.com/news/uk-politics-68999212
[2024-05-12T15:42:28.007+0000] {mlops_dag.py:80} INFO - No data extracted for https://www.bbc.com/news/uk-politics-68999212
[2024-05-12T15:42:28.174+0000] {mlops_dag.py:36} WARNING - No valid title or description for URL: https://www.bbc.com/news/articles/c72p0xx410xo
[2024-05-12T15:42:28.175+0000] {mlops_dag.py:80} INFO - No data extracted for https://www.bbc.com/news/articles/c72p0xx410xo
[2024-05-12T15:42:28.353+0000] {mlops_dag.py:36} WARNING - No valid title or description for URL: https://www.bbc.com/news/world-us-canada-68996066
[2024-05-12T15:42:28.354+0000] {mlops_dag.py:80} INFO - No data extracted for https://www.bbc.com/news/world-us-canada-68996066
[2024-05-12T15:42:28.521+0000] {mlops_dag.py:36} WARNING - No valid title or description for URL: https://www.bbc.com/news/world-us-canada-68991796
[2024-05-12T15:42:28.522+0000] {mlops_dag.py:80} INFO - No data extracted for https://www.bbc.com/news/world-us-canada-68991796
[2024-05-12T15:42:28.892+0000] {python.py:237} INFO - Done. Returned value was: None
[2024-05-12T15:42:28.892+0000] {taskinstance.py:441} INFO - ::group::Post task execution logs
[2024-05-12T15:42:28.899+0000] {taskinstance.py:1206} INFO - Marking task as SUCCESS. dag_id=web_article_scraping, task_id=load, run_id=manual__2024-05-12T15:42:15.737439+00:00, execution_date=20240512T154215, start_date=20240512T154225, end_date=20240512T154228
[2024-05-12T15:42:28.937+0000] {local_task_job_runner.py:240} INFO - Task exited with return code 0
[2024-05-12T15:42:28.949+0000] {taskinstance.py:3498} INFO - 0 downstream tasks scheduled from follow-on schedule check
[2024-05-12T15:42:28.951+0000] {local_task_job_runner.py:222} INFO - ::endgroup::
