[2024-05-12T14:57:30.948+0000] {local_task_job_runner.py:120} INFO - ::group::Pre task execution logs
[2024-05-12T14:57:30.965+0000] {taskinstance.py:2076} INFO - Dependencies all met for dep_context=non-requeueable deps ti=<TaskInstance: web_article_scraping.load manual__2024-05-12T14:57:20.540986+00:00 [queued]>
[2024-05-12T14:57:30.971+0000] {taskinstance.py:2076} INFO - Dependencies all met for dep_context=requeueable deps ti=<TaskInstance: web_article_scraping.load manual__2024-05-12T14:57:20.540986+00:00 [queued]>
[2024-05-12T14:57:30.972+0000] {taskinstance.py:2306} INFO - Starting attempt 1 of 1
[2024-05-12T14:57:30.982+0000] {taskinstance.py:2330} INFO - Executing <Task(PythonOperator): load> on 2024-05-12 14:57:20.540986+00:00
[2024-05-12T14:57:30.987+0000] {warnings.py:110} WARNING - /home/***/.local/lib/python3.12/site-packages/***/task/task_runner/standard_task_runner.py:61: DeprecationWarning: This process (pid=3761) is multi-threaded, use of fork() may lead to deadlocks in the child.
  pid = os.fork()

[2024-05-12T14:57:30.988+0000] {standard_task_runner.py:63} INFO - Started process 3763 to run task
[2024-05-12T14:57:30.988+0000] {standard_task_runner.py:90} INFO - Running: ['***', 'tasks', 'run', 'web_article_scraping', 'load', 'manual__2024-05-12T14:57:20.540986+00:00', '--job-id', '55', '--raw', '--subdir', 'DAGS_FOLDER/mlops_dag.py', '--cfg-path', '/tmp/tmpytji705c']
[2024-05-12T14:57:30.990+0000] {standard_task_runner.py:91} INFO - Job 55: Subtask load
[2024-05-12T14:57:31.029+0000] {task_command.py:426} INFO - Running <TaskInstance: web_article_scraping.load manual__2024-05-12T14:57:20.540986+00:00 [running]> on host 8b349270b58a
[2024-05-12T14:57:31.086+0000] {taskinstance.py:2648} INFO - Exporting env vars: AIRFLOW_CTX_DAG_OWNER='***' AIRFLOW_CTX_DAG_ID='web_article_scraping' AIRFLOW_CTX_TASK_ID='load' AIRFLOW_CTX_EXECUTION_DATE='2024-05-12T14:57:20.540986+00:00' AIRFLOW_CTX_TRY_NUMBER='1' AIRFLOW_CTX_DAG_RUN_ID='manual__2024-05-12T14:57:20.540986+00:00'
[2024-05-12T14:57:31.087+0000] {taskinstance.py:430} INFO - ::endgroup::
[2024-05-12T14:57:32.547+0000] {mlops_dag.py:34} WARNING - No valid title or description for URL: https://www.bbc.com/news/world-europe-68998913
[2024-05-12T14:57:32.548+0000] {mlops_dag.py:78} INFO - No data extracted for https://www.bbc.com/news/world-europe-68998913
[2024-05-12T14:57:32.714+0000] {mlops_dag.py:34} WARNING - No valid title or description for URL: https://www.bbc.com/news/uk-politics-68999212
[2024-05-12T14:57:32.715+0000] {mlops_dag.py:78} INFO - No data extracted for https://www.bbc.com/news/uk-politics-68999212
[2024-05-12T14:57:32.884+0000] {mlops_dag.py:34} WARNING - No valid title or description for URL: https://www.bbc.com/news/world-europe-68998913
[2024-05-12T14:57:32.885+0000] {mlops_dag.py:78} INFO - No data extracted for https://www.bbc.com/news/world-europe-68998913
[2024-05-12T14:57:33.055+0000] {mlops_dag.py:34} WARNING - No valid title or description for URL: https://www.bbc.com/news/uk-politics-68999212
[2024-05-12T14:57:33.057+0000] {mlops_dag.py:78} INFO - No data extracted for https://www.bbc.com/news/uk-politics-68999212
[2024-05-12T14:57:33.226+0000] {mlops_dag.py:34} WARNING - No valid title or description for URL: https://www.bbc.com/news/articles/c72p0xx410xo
[2024-05-12T14:57:33.227+0000] {mlops_dag.py:78} INFO - No data extracted for https://www.bbc.com/news/articles/c72p0xx410xo
[2024-05-12T14:57:33.394+0000] {mlops_dag.py:34} WARNING - No valid title or description for URL: https://www.bbc.com/news/world-us-canada-68996066
[2024-05-12T14:57:33.396+0000] {mlops_dag.py:78} INFO - No data extracted for https://www.bbc.com/news/world-us-canada-68996066
[2024-05-12T14:57:33.562+0000] {mlops_dag.py:34} WARNING - No valid title or description for URL: https://www.bbc.com/news/world-us-canada-68991796
[2024-05-12T14:57:33.563+0000] {mlops_dag.py:78} INFO - No data extracted for https://www.bbc.com/news/world-us-canada-68991796
[2024-05-12T14:57:33.952+0000] {python.py:237} INFO - Done. Returned value was: None
[2024-05-12T14:57:33.953+0000] {taskinstance.py:441} INFO - ::group::Post task execution logs
[2024-05-12T14:57:33.960+0000] {taskinstance.py:1206} INFO - Marking task as SUCCESS. dag_id=web_article_scraping, task_id=load, run_id=manual__2024-05-12T14:57:20.540986+00:00, execution_date=20240512T145720, start_date=20240512T145730, end_date=20240512T145733
[2024-05-12T14:57:34.012+0000] {local_task_job_runner.py:240} INFO - Task exited with return code 0
[2024-05-12T14:57:34.020+0000] {local_task_job_runner.py:222} INFO - ::endgroup::
