[2024-05-12T15:42:29.850+0000] {local_task_job_runner.py:120} INFO - ::group::Pre task execution logs
[2024-05-12T15:42:29.864+0000] {taskinstance.py:2076} INFO - Dependencies all met for dep_context=non-requeueable deps ti=<TaskInstance: web_article_scraping.dvc_add_and_push manual__2024-05-12T15:42:15.737439+00:00 [queued]>
[2024-05-12T15:42:29.870+0000] {taskinstance.py:2076} INFO - Dependencies all met for dep_context=requeueable deps ti=<TaskInstance: web_article_scraping.dvc_add_and_push manual__2024-05-12T15:42:15.737439+00:00 [queued]>
[2024-05-12T15:42:29.871+0000] {taskinstance.py:2306} INFO - Starting attempt 1 of 1
[2024-05-12T15:42:29.880+0000] {taskinstance.py:2330} INFO - Executing <Task(BashOperator): dvc_add_and_push> on 2024-05-12 15:42:15.737439+00:00
[2024-05-12T15:42:29.885+0000] {warnings.py:110} WARNING - /home/***/.local/lib/python3.12/site-packages/***/task/task_runner/standard_task_runner.py:61: DeprecationWarning: This process (pid=4501) is multi-threaded, use of fork() may lead to deadlocks in the child.
  pid = os.fork()

[2024-05-12T15:42:29.886+0000] {standard_task_runner.py:63} INFO - Started process 4503 to run task
[2024-05-12T15:42:29.886+0000] {standard_task_runner.py:90} INFO - Running: ['***', 'tasks', 'run', 'web_article_scraping', 'dvc_add_and_push', 'manual__2024-05-12T15:42:15.737439+00:00', '--job-id', '93', '--raw', '--subdir', 'DAGS_FOLDER/mlops_dag.py', '--cfg-path', '/tmp/tmp57eh_a5h']
[2024-05-12T15:42:29.887+0000] {standard_task_runner.py:91} INFO - Job 93: Subtask dvc_add_and_push
[2024-05-12T15:42:29.922+0000] {task_command.py:426} INFO - Running <TaskInstance: web_article_scraping.dvc_add_and_push manual__2024-05-12T15:42:15.737439+00:00 [running]> on host 8b349270b58a
[2024-05-12T15:42:29.979+0000] {taskinstance.py:2648} INFO - Exporting env vars: AIRFLOW_CTX_DAG_OWNER='***' AIRFLOW_CTX_DAG_ID='web_article_scraping' AIRFLOW_CTX_TASK_ID='dvc_add_and_push' AIRFLOW_CTX_EXECUTION_DATE='2024-05-12T15:42:15.737439+00:00' AIRFLOW_CTX_TRY_NUMBER='1' AIRFLOW_CTX_DAG_RUN_ID='manual__2024-05-12T15:42:15.737439+00:00'
[2024-05-12T15:42:29.980+0000] {taskinstance.py:430} INFO - ::endgroup::
[2024-05-12T15:42:29.981+0000] {subprocess.py:63} INFO - Tmp dir root location: /tmp
[2024-05-12T15:42:29.982+0000] {subprocess.py:75} INFO - Running command: ['/usr/bin/bash', '-c', "\npip install dvc && apt-get update && apt-get install git -y && dvc remote add -d mygoogleDrive gdrive://1akLltC_11ZTBzZF-D4cZt_sZIf-jheJE && dvc add extracted_data.csv && git add . && git commit -m 'committed via ***' && dvc push -r mygoogleDrive && git push"]
[2024-05-12T15:42:29.989+0000] {subprocess.py:86} INFO - Output:
[2024-05-12T15:42:31.188+0000] {subprocess.py:93} INFO - Collecting dvc
[2024-05-12T15:42:31.189+0000] {subprocess.py:93} INFO -   Using cached dvc-3.50.1-py3-none-any.whl.metadata (17 kB)
[2024-05-12T15:42:31.240+0000] {subprocess.py:93} INFO - Requirement already satisfied: attrs>=22.2.0 in /home/***/.local/lib/python3.12/site-packages (from dvc) (23.2.0)
[2024-05-12T15:42:31.242+0000] {subprocess.py:93} INFO - Requirement already satisfied: celery in /home/***/.local/lib/python3.12/site-packages (from dvc) (5.4.0)
[2024-05-12T15:42:31.243+0000] {subprocess.py:93} INFO - Requirement already satisfied: colorama>=0.3.9 in /home/***/.local/lib/python3.12/site-packages (from dvc) (0.4.6)
[2024-05-12T15:42:31.303+0000] {subprocess.py:93} INFO - Collecting configobj>=5.0.6 (from dvc)
[2024-05-12T15:42:31.534+0000] {subprocess.py:93} INFO -   Downloading configobj-5.0.8-py2.py3-none-any.whl.metadata (3.4 kB)
[2024-05-12T15:42:31.601+0000] {subprocess.py:93} INFO - Collecting distro>=1.3 (from dvc)
[2024-05-12T15:42:31.645+0000] {subprocess.py:93} INFO -   Downloading distro-1.9.0-py3-none-any.whl.metadata (6.8 kB)
[2024-05-12T15:42:32.035+0000] {subprocess.py:93} INFO - Collecting dpath<3,>=2.1.0 (from dvc)
[2024-05-12T15:42:32.080+0000] {subprocess.py:93} INFO -   Downloading dpath-2.1.6-py3-none-any.whl.metadata (15 kB)
[2024-05-12T15:42:32.637+0000] {subprocess.py:93} INFO - Collecting dulwich (from dvc)
[2024-05-12T15:42:32.682+0000] {subprocess.py:93} INFO -   Downloading dulwich-0.22.1-cp312-cp312-manylinux_2_17_x86_64.manylinux2014_x86_64.whl.metadata (4.4 kB)
[2024-05-12T15:42:33.120+0000] {subprocess.py:93} INFO - Collecting dvc-data<3.16,>=3.15 (from dvc)
[2024-05-12T15:42:33.164+0000] {subprocess.py:93} INFO -   Downloading dvc_data-3.15.1-py3-none-any.whl.metadata (5.0 kB)
[2024-05-12T15:42:33.484+0000] {subprocess.py:93} INFO - Collecting dvc-http>=2.29.0 (from dvc)
[2024-05-12T15:42:33.529+0000] {subprocess.py:93} INFO -   Downloading dvc_http-2.32.0-py3-none-any.whl.metadata (1.3 kB)
[2024-05-12T15:42:33.941+0000] {subprocess.py:93} INFO - Collecting dvc-objects (from dvc)
[2024-05-12T15:42:33.986+0000] {subprocess.py:93} INFO -   Downloading dvc_objects-5.1.0-py3-none-any.whl.metadata (3.7 kB)
[2024-05-12T15:42:34.376+0000] {subprocess.py:93} INFO - Collecting dvc-render<2,>=1.0.1 (from dvc)
[2024-05-12T15:42:34.421+0000] {subprocess.py:93} INFO -   Downloading dvc_render-1.0.2-py3-none-any.whl.metadata (5.4 kB)
[2024-05-12T15:42:34.821+0000] {subprocess.py:93} INFO - Collecting dvc-studio-client<1,>=0.20 (from dvc)
[2024-05-12T15:42:34.865+0000] {subprocess.py:93} INFO -   Downloading dvc_studio_client-0.20.0-py3-none-any.whl.metadata (4.3 kB)
[2024-05-12T15:42:35.184+0000] {subprocess.py:93} INFO - Collecting dvc-task<1,>=0.3.0 (from dvc)
[2024-05-12T15:42:35.231+0000] {subprocess.py:93} INFO -   Downloading dvc_task-0.4.0-py3-none-any.whl.metadata (9.9 kB)
[2024-05-12T15:42:35.601+0000] {subprocess.py:93} INFO - Collecting flatten-dict<1,>=0.4.1 (from dvc)
[2024-05-12T15:42:35.645+0000] {subprocess.py:93} INFO -   Downloading flatten_dict-0.4.2-py2.py3-none-any.whl.metadata (9.2 kB)
[2024-05-12T15:42:36.030+0000] {subprocess.py:93} INFO - Collecting flufl.lock<8,>=5 (from dvc)
[2024-05-12T15:42:36.084+0000] {subprocess.py:93} INFO -   Downloading flufl.lock-7.1.1-py3-none-any.whl.metadata (3.3 kB)
[2024-05-12T15:42:36.099+0000] {subprocess.py:93} INFO - Requirement already satisfied: fsspec in /home/***/.local/lib/python3.12/site-packages (from dvc) (2023.12.2)
[2024-05-12T15:42:36.160+0000] {subprocess.py:93} INFO - Collecting funcy>=1.14 (from dvc)
[2024-05-12T15:42:36.204+0000] {subprocess.py:93} INFO -   Downloading funcy-2.0-py2.py3-none-any.whl.metadata (5.9 kB)
[2024-05-12T15:42:36.581+0000] {subprocess.py:93} INFO - Collecting grandalf<1,>=0.7 (from dvc)
[2024-05-12T15:42:36.626+0000] {subprocess.py:93} INFO -   Downloading grandalf-0.8-py3-none-any.whl.metadata (1.7 kB)
[2024-05-12T15:42:37.018+0000] {subprocess.py:93} INFO - Collecting gto<2,>=1.6.0 (from dvc)
[2024-05-12T15:42:37.064+0000] {subprocess.py:93} INFO -   Downloading gto-1.7.1-py3-none-any.whl.metadata (4.2 kB)
[2024-05-12T15:42:37.462+0000] {subprocess.py:93} INFO - Collecting hydra-core>=1.1 (from dvc)
[2024-05-12T15:42:37.507+0000] {subprocess.py:93} INFO -   Downloading hydra_core-1.3.2-py3-none-any.whl.metadata (5.5 kB)
[2024-05-12T15:42:37.829+0000] {subprocess.py:93} INFO - Collecting iterative-telemetry>=0.0.7 (from dvc)
[2024-05-12T15:42:37.874+0000] {subprocess.py:93} INFO -   Downloading iterative_telemetry-0.0.8-py3-none-any.whl.metadata (4.1 kB)
[2024-05-12T15:42:37.881+0000] {subprocess.py:93} INFO - Requirement already satisfied: kombu in /home/***/.local/lib/python3.12/site-packages (from dvc) (5.3.7)
[2024-05-12T15:42:37.956+0000] {subprocess.py:93} INFO - Collecting networkx>=2.5 (from dvc)
[2024-05-12T15:42:38.001+0000] {subprocess.py:93} INFO -   Downloading networkx-3.3-py3-none-any.whl.metadata (5.1 kB)
[2024-05-12T15:42:38.116+0000] {subprocess.py:93} INFO - Collecting omegaconf (from dvc)
[2024-05-12T15:42:38.160+0000] {subprocess.py:93} INFO -   Downloading omegaconf-2.3.0-py3-none-any.whl.metadata (3.9 kB)
[2024-05-12T15:42:38.168+0000] {subprocess.py:93} INFO - Requirement already satisfied: packaging>=19 in /home/***/.local/lib/python3.12/site-packages (from dvc) (24.0)
[2024-05-12T15:42:38.169+0000] {subprocess.py:93} INFO - Requirement already satisfied: pathspec>=0.10.3 in /home/***/.local/lib/python3.12/site-packages (from dvc) (0.12.1)
[2024-05-12T15:42:38.239+0000] {subprocess.py:93} INFO - Collecting platformdirs<4,>=3.1.1 (from dvc)
[2024-05-12T15:42:38.284+0000] {subprocess.py:93} INFO -   Downloading platformdirs-3.11.0-py3-none-any.whl.metadata (11 kB)
[2024-05-12T15:42:38.297+0000] {subprocess.py:93} INFO - Requirement already satisfied: psutil>=5.8 in /home/***/.local/lib/python3.12/site-packages (from dvc) (5.9.8)
[2024-05-12T15:42:38.365+0000] {subprocess.py:93} INFO - Collecting pydot>=1.2.4 (from dvc)
[2024-05-12T15:42:38.409+0000] {subprocess.py:93} INFO -   Downloading pydot-2.0.0-py3-none-any.whl.metadata (9.6 kB)
[2024-05-12T15:42:38.731+0000] {subprocess.py:93} INFO - Collecting pygtrie>=2.3.2 (from dvc)
[2024-05-12T15:42:38.774+0000] {subprocess.py:93} INFO -   Downloading pygtrie-2.5.0-py3-none-any.whl.metadata (7.5 kB)
[2024-05-12T15:42:38.784+0000] {subprocess.py:93} INFO - Requirement already satisfied: pyparsing>=2.4.7 in /home/***/.local/lib/python3.12/site-packages (from dvc) (3.1.2)
[2024-05-12T15:42:38.785+0000] {subprocess.py:93} INFO - Requirement already satisfied: requests>=2.22 in /home/***/.local/lib/python3.12/site-packages (from dvc) (2.31.0)
[2024-05-12T15:42:38.786+0000] {subprocess.py:93} INFO - Requirement already satisfied: rich>=12 in /home/***/.local/lib/python3.12/site-packages (from dvc) (13.7.1)
[2024-05-12T15:42:39.027+0000] {subprocess.py:93} INFO - Collecting ruamel.yaml>=0.17.11 (from dvc)
[2024-05-12T15:42:39.071+0000] {subprocess.py:93} INFO -   Downloading ruamel.yaml-0.18.6-py3-none-any.whl.metadata (23 kB)
[2024-05-12T15:42:39.442+0000] {subprocess.py:93} INFO - Collecting scmrepo<4,>=3.3.2 (from dvc)
[2024-05-12T15:42:39.486+0000] {subprocess.py:93} INFO -   Downloading scmrepo-3.3.2-py3-none-any.whl.metadata (4.7 kB)
[2024-05-12T15:42:39.561+0000] {subprocess.py:93} INFO - Collecting shortuuid>=0.5 (from dvc)
[2024-05-12T15:42:39.605+0000] {subprocess.py:93} INFO -   Downloading shortuuid-1.0.13-py3-none-any.whl.metadata (5.8 kB)
[2024-05-12T15:42:39.999+0000] {subprocess.py:93} INFO - Collecting shtab<2,>=1.3.4 (from dvc)
[2024-05-12T15:42:40.043+0000] {subprocess.py:93} INFO -   Downloading shtab-1.7.1-py3-none-any.whl.metadata (7.3 kB)
[2024-05-12T15:42:40.053+0000] {subprocess.py:93} INFO - Requirement already satisfied: tabulate>=0.8.7 in /home/***/.local/lib/python3.12/site-packages (from dvc) (0.9.0)
[2024-05-12T15:42:40.054+0000] {subprocess.py:93} INFO - Requirement already satisfied: tomlkit>=0.11.1 in /home/***/.local/lib/python3.12/site-packages (from dvc) (0.12.4)
[2024-05-12T15:42:40.155+0000] {subprocess.py:93} INFO - Collecting tqdm<5,>=4.63.1 (from dvc)
[2024-05-12T15:42:40.198+0000] {subprocess.py:93} INFO -   Downloading tqdm-4.66.4-py3-none-any.whl.metadata (57 kB)
[2024-05-12T15:42:40.245+0000] {subprocess.py:93} INFO -      ━━━━━━━━━━━━━━━━━━━━━━━━━━━━━━━━━━━━━━━━ 57.6/57.6 kB 1.2 MB/s eta 0:00:00
[2024-05-12T15:42:40.562+0000] {subprocess.py:93} INFO - Collecting voluptuous>=0.11.7 (from dvc)
[2024-05-12T15:42:40.605+0000] {subprocess.py:93} INFO -   Downloading voluptuous-0.14.2-py3-none-any.whl.metadata (20 kB)
[2024-05-12T15:42:40.920+0000] {subprocess.py:93} INFO - Collecting zc.lockfile>=1.2.1 (from dvc)
[2024-05-12T15:42:40.966+0000] {subprocess.py:93} INFO -   Downloading zc.lockfile-3.0.post1-py3-none-any.whl.metadata (6.2 kB)
[2024-05-12T15:42:40.995+0000] {subprocess.py:93} INFO - Requirement already satisfied: six in /home/***/.local/lib/python3.12/site-packages (from configobj>=5.0.6->dvc) (1.16.0)
[2024-05-12T15:42:41.372+0000] {subprocess.py:93} INFO - Collecting dictdiffer>=0.8.1 (from dvc-data<3.16,>=3.15->dvc)
[2024-05-12T15:42:41.416+0000] {subprocess.py:93} INFO -   Downloading dictdiffer-0.9.0-py2.py3-none-any.whl.metadata (4.8 kB)
[2024-05-12T15:42:41.508+0000] {subprocess.py:93} INFO - Collecting fsspec (from dvc)
[2024-05-12T15:42:41.552+0000] {subprocess.py:93} INFO -   Downloading fsspec-2024.3.1-py3-none-any.whl.metadata (6.8 kB)
[2024-05-12T15:42:41.628+0000] {subprocess.py:93} INFO - Collecting diskcache>=5.2.1 (from dvc-data<3.16,>=3.15->dvc)
[2024-05-12T15:42:41.673+0000] {subprocess.py:93} INFO -   Downloading diskcache-5.6.3-py3-none-any.whl.metadata (20 kB)
[2024-05-12T15:42:42.027+0000] {subprocess.py:93} INFO - Collecting sqltrie<1,>=0.11.0 (from dvc-data<3.16,>=3.15->dvc)
[2024-05-12T15:42:42.072+0000] {subprocess.py:93} INFO -   Downloading sqltrie-0.11.0-py3-none-any.whl.metadata (3.3 kB)
[2024-05-12T15:42:42.150+0000] {subprocess.py:93} INFO - Collecting aiohttp-retry>=2.5.0 (from dvc-http>=2.29.0->dvc)
[2024-05-12T15:42:42.195+0000] {subprocess.py:93} INFO -   Downloading aiohttp_retry-2.8.3-py3-none-any.whl.metadata (8.9 kB)
[2024-05-12T15:42:42.319+0000] {subprocess.py:93} INFO - Requirement already satisfied: billiard<5.0,>=4.2.0 in /home/***/.local/lib/python3.12/site-packages (from celery->dvc) (4.2.0)
[2024-05-12T15:42:42.320+0000] {subprocess.py:93} INFO - Requirement already satisfied: vine<6.0,>=5.1.0 in /home/***/.local/lib/python3.12/site-packages (from celery->dvc) (5.1.0)
[2024-05-12T15:42:42.321+0000] {subprocess.py:93} INFO - Requirement already satisfied: click<9.0,>=8.1.2 in /home/***/.local/lib/python3.12/site-packages (from celery->dvc) (8.1.7)
[2024-05-12T15:42:42.322+0000] {subprocess.py:93} INFO - Requirement already satisfied: click-didyoumean>=0.3.0 in /home/***/.local/lib/python3.12/site-packages (from celery->dvc) (0.3.1)
[2024-05-12T15:42:42.323+0000] {subprocess.py:93} INFO - Requirement already satisfied: click-repl>=0.2.0 in /home/***/.local/lib/python3.12/site-packages (from celery->dvc) (0.3.0)
[2024-05-12T15:42:42.324+0000] {subprocess.py:93} INFO - Requirement already satisfied: click-plugins>=1.1.1 in /home/***/.local/lib/python3.12/site-packages (from celery->dvc) (1.1.1)
[2024-05-12T15:42:42.325+0000] {subprocess.py:93} INFO - Requirement already satisfied: tzdata>=2022.7 in /home/***/.local/lib/python3.12/site-packages (from celery->dvc) (2024.1)
[2024-05-12T15:42:42.326+0000] {subprocess.py:93} INFO - Requirement already satisfied: python-dateutil>=2.8.2 in /home/***/.local/lib/python3.12/site-packages (from celery->dvc) (2.9.0.post0)
[2024-05-12T15:42:42.715+0000] {subprocess.py:93} INFO - Collecting atpublic>=2.3 (from flufl.lock<8,>=5->dvc)
[2024-05-12T15:42:42.759+0000] {subprocess.py:93} INFO -   Downloading atpublic-4.1.0-py3-none-any.whl.metadata (1.8 kB)
[2024-05-12T15:42:42.887+0000] {subprocess.py:93} INFO - Collecting typer>=0.4.1 (from gto<2,>=1.6.0->dvc)
[2024-05-12T15:42:42.930+0000] {subprocess.py:93} INFO -   Downloading typer-0.12.3-py3-none-any.whl.metadata (15 kB)
[2024-05-12T15:42:42.947+0000] {subprocess.py:93} INFO - Requirement already satisfied: pydantic!=2.0.0,<3,>=1.9.0 in /home/***/.local/lib/python3.12/site-packages (from gto<2,>=1.6.0->dvc) (2.7.1)
[2024-05-12T15:42:43.012+0000] {subprocess.py:93} INFO - Collecting semver>=2.13.0 (from gto<2,>=1.6.0->dvc)
[2024-05-12T15:42:43.055+0000] {subprocess.py:93} INFO -   Downloading semver-3.0.2-py3-none-any.whl.metadata (5.0 kB)
[2024-05-12T15:42:43.127+0000] {subprocess.py:93} INFO - Collecting entrypoints (from gto<2,>=1.6.0->dvc)
[2024-05-12T15:42:43.170+0000] {subprocess.py:93} INFO -   Downloading entrypoints-0.4-py3-none-any.whl.metadata (2.6 kB)
[2024-05-12T15:42:43.258+0000] {subprocess.py:93} INFO - Collecting antlr4-python3-runtime==4.9.* (from hydra-core>=1.1->dvc)
[2024-05-12T15:42:43.301+0000] {subprocess.py:93} INFO -   Downloading antlr4-python3-runtime-4.9.3.tar.gz (117 kB)
[2024-05-12T15:42:43.348+0000] {subprocess.py:93} INFO -      ━━━━━━━━━━━━━━━━━━━━━━━━━━━━━━━━━━━━━━━ 117.0/117.0 kB 2.5 MB/s eta 0:00:00
[2024-05-12T15:42:43.377+0000] {subprocess.py:93} INFO -   Installing build dependencies: started
[2024-05-12T15:42:47.917+0000] {subprocess.py:93} INFO -   Installing build dependencies: finished with status 'done'
[2024-05-12T15:42:47.918+0000] {subprocess.py:93} INFO -   Getting requirements to build wheel: started
[2024-05-12T15:42:48.391+0000] {subprocess.py:93} INFO -   Getting requirements to build wheel: finished with status 'done'
[2024-05-12T15:42:48.393+0000] {subprocess.py:93} INFO -   Installing backend dependencies: started
[2024-05-12T15:42:52.143+0000] {subprocess.py:93} INFO -   Installing backend dependencies: finished with status 'done'
[2024-05-12T15:42:52.144+0000] {subprocess.py:93} INFO -   Preparing metadata (pyproject.toml): started
[2024-05-12T15:42:52.676+0000] {subprocess.py:93} INFO -   Preparing metadata (pyproject.toml): finished with status 'done'
[2024-05-12T15:42:52.751+0000] {subprocess.py:93} INFO - Collecting appdirs (from iterative-telemetry>=0.0.7->dvc)
[2024-05-12T15:42:52.795+0000] {subprocess.py:93} INFO -   Downloading appdirs-1.4.4-py2.py3-none-any.whl.metadata (9.0 kB)
[2024-05-12T15:42:52.803+0000] {subprocess.py:93} INFO - Requirement already satisfied: filelock in /home/***/.local/lib/python3.12/site-packages (from iterative-telemetry>=0.0.7->dvc) (3.14.0)
[2024-05-12T15:42:52.823+0000] {subprocess.py:93} INFO - Requirement already satisfied: amqp<6.0.0,>=5.1.1 in /home/***/.local/lib/python3.12/site-packages (from kombu->dvc) (5.2.0)
[2024-05-12T15:42:52.848+0000] {subprocess.py:93} INFO - Requirement already satisfied: PyYAML>=5.1.0 in /home/***/.local/lib/python3.12/site-packages (from omegaconf->dvc) (6.0.1)
[2024-05-12T15:42:52.906+0000] {subprocess.py:93} INFO - Requirement already satisfied: charset-normalizer<4,>=2 in /home/***/.local/lib/python3.12/site-packages (from requests>=2.22->dvc) (3.3.2)
[2024-05-12T15:42:52.907+0000] {subprocess.py:93} INFO - Requirement already satisfied: idna<4,>=2.5 in /home/***/.local/lib/python3.12/site-packages (from requests>=2.22->dvc) (3.7)
[2024-05-12T15:42:52.908+0000] {subprocess.py:93} INFO - Requirement already satisfied: urllib3<3,>=1.21.1 in /home/***/.local/lib/python3.12/site-packages (from requests>=2.22->dvc) (2.2.1)
[2024-05-12T15:42:52.909+0000] {subprocess.py:93} INFO - Requirement already satisfied: certifi>=2017.4.17 in /home/***/.local/lib/python3.12/site-packages (from requests>=2.22->dvc) (2024.2.2)
[2024-05-12T15:42:52.918+0000] {subprocess.py:93} INFO - Requirement already satisfied: markdown-it-py>=2.2.0 in /home/***/.local/lib/python3.12/site-packages (from rich>=12->dvc) (3.0.0)
[2024-05-12T15:42:52.919+0000] {subprocess.py:93} INFO - Requirement already satisfied: pygments<3.0.0,>=2.13.0 in /home/***/.local/lib/python3.12/site-packages (from rich>=12->dvc) (2.17.2)
[2024-05-12T15:42:52.998+0000] {subprocess.py:93} INFO - Collecting ruamel.yaml.clib>=0.2.7 (from ruamel.yaml>=0.17.11->dvc)
[2024-05-12T15:42:53.042+0000] {subprocess.py:93} INFO -   Downloading ruamel.yaml.clib-0.2.8-cp312-cp312-manylinux_2_17_x86_64.manylinux2014_x86_64.manylinux_2_28_x86_64.whl.metadata (2.2 kB)
[2024-05-12T15:42:53.150+0000] {subprocess.py:93} INFO - Collecting gitpython>3 (from scmrepo<4,>=3.3.2->dvc)
[2024-05-12T15:42:53.193+0000] {subprocess.py:93} INFO -   Downloading GitPython-3.1.43-py3-none-any.whl.metadata (13 kB)
[2024-05-12T15:42:53.324+0000] {subprocess.py:93} INFO - Collecting pygit2>=1.14.0 (from scmrepo<4,>=3.3.2->dvc)
[2024-05-12T15:42:53.368+0000] {subprocess.py:93} INFO -   Downloading pygit2-1.14.1-cp312-cp312-manylinux_2_17_x86_64.manylinux2014_x86_64.whl.metadata (3.4 kB)
[2024-05-12T15:42:53.378+0000] {subprocess.py:93} INFO - Requirement already satisfied: asyncssh<3,>=2.13.1 in /home/***/.local/lib/python3.12/site-packages (from scmrepo<4,>=3.3.2->dvc) (2.14.2)
[2024-05-12T15:42:53.391+0000] {subprocess.py:93} INFO - Requirement already satisfied: setuptools in /home/***/.local/lib/python3.12/site-packages (from dulwich->dvc) (66.1.1)
[2024-05-12T15:42:53.455+0000] {subprocess.py:93} INFO - Requirement already satisfied: aiohttp in /home/***/.local/lib/python3.12/site-packages (from aiohttp-retry>=2.5.0->dvc-http>=2.29.0->dvc) (3.9.5)
[2024-05-12T15:42:53.479+0000] {subprocess.py:93} INFO - Requirement already satisfied: cryptography>=39.0 in /home/***/.local/lib/python3.12/site-packages (from asyncssh<3,>=2.13.1->scmrepo<4,>=3.3.2->dvc) (41.0.7)
[2024-05-12T15:42:53.480+0000] {subprocess.py:93} INFO - Requirement already satisfied: typing-extensions>=3.6 in /home/***/.local/lib/python3.12/site-packages (from asyncssh<3,>=2.13.1->scmrepo<4,>=3.3.2->dvc) (4.11.0)
[2024-05-12T15:42:53.540+0000] {subprocess.py:93} INFO - Requirement already satisfied: prompt-toolkit>=3.0.36 in /home/***/.local/lib/python3.12/site-packages (from click-repl>=0.2.0->celery->dvc) (3.0.43)
[2024-05-12T15:42:53.711+0000] {subprocess.py:93} INFO - Collecting gitdb<5,>=4.0.1 (from gitpython>3->scmrepo<4,>=3.3.2->dvc)
[2024-05-12T15:42:53.756+0000] {subprocess.py:93} INFO -   Downloading gitdb-4.0.11-py3-none-any.whl.metadata (1.2 kB)
[2024-05-12T15:42:53.800+0000] {subprocess.py:93} INFO - Requirement already satisfied: mdurl~=0.1 in /home/***/.local/lib/python3.12/site-packages (from markdown-it-py>=2.2.0->rich>=12->dvc) (0.1.2)
[2024-05-12T15:42:53.811+0000] {subprocess.py:93} INFO - Requirement already satisfied: annotated-types>=0.4.0 in /home/***/.local/lib/python3.12/site-packages (from pydantic!=2.0.0,<3,>=1.9.0->gto<2,>=1.6.0->dvc) (0.6.0)
[2024-05-12T15:42:53.813+0000] {subprocess.py:93} INFO - Requirement already satisfied: pydantic-core==2.18.2 in /home/***/.local/lib/python3.12/site-packages (from pydantic!=2.0.0,<3,>=1.9.0->gto<2,>=1.6.0->dvc) (2.18.2)
[2024-05-12T15:42:53.832+0000] {subprocess.py:93} INFO - Requirement already satisfied: cffi>=1.16.0 in /home/***/.local/lib/python3.12/site-packages (from pygit2>=1.14.0->scmrepo<4,>=3.3.2->dvc) (1.16.0)
[2024-05-12T15:42:54.199+0000] {subprocess.py:93} INFO - Collecting orjson (from sqltrie<1,>=0.11.0->dvc-data<3.16,>=3.15->dvc)
[2024-05-12T15:42:54.242+0000] {subprocess.py:93} INFO -   Downloading orjson-3.10.3-cp312-cp312-manylinux_2_17_x86_64.manylinux2014_x86_64.whl.metadata (49 kB)
[2024-05-12T15:42:54.251+0000] {subprocess.py:93} INFO -      ━━━━━━━━━━━━━━━━━━━━━━━━━━━━━━━━━━━━━━━━ 49.7/49.7 kB 6.6 MB/s eta 0:00:00
[2024-05-12T15:42:54.334+0000] {subprocess.py:93} INFO - Collecting shellingham>=1.3.0 (from typer>=0.4.1->gto<2,>=1.6.0->dvc)
[2024-05-12T15:42:54.377+0000] {subprocess.py:93} INFO -   Downloading shellingham-1.5.4-py2.py3-none-any.whl.metadata (3.5 kB)
[2024-05-12T15:42:54.527+0000] {subprocess.py:93} INFO - Requirement already satisfied: aiosignal>=1.1.2 in /home/***/.local/lib/python3.12/site-packages (from aiohttp->aiohttp-retry>=2.5.0->dvc-http>=2.29.0->dvc) (1.3.1)
[2024-05-12T15:42:54.529+0000] {subprocess.py:93} INFO - Requirement already satisfied: frozenlist>=1.1.1 in /home/***/.local/lib/python3.12/site-packages (from aiohttp->aiohttp-retry>=2.5.0->dvc-http>=2.29.0->dvc) (1.4.1)
[2024-05-12T15:42:54.531+0000] {subprocess.py:93} INFO - Requirement already satisfied: multidict<7.0,>=4.5 in /home/***/.local/lib/python3.12/site-packages (from aiohttp->aiohttp-retry>=2.5.0->dvc-http>=2.29.0->dvc) (6.0.5)
[2024-05-12T15:42:54.533+0000] {subprocess.py:93} INFO - Requirement already satisfied: yarl<2.0,>=1.0 in /home/***/.local/lib/python3.12/site-packages (from aiohttp->aiohttp-retry>=2.5.0->dvc-http>=2.29.0->dvc) (1.9.4)
[2024-05-12T15:42:54.552+0000] {subprocess.py:93} INFO - Requirement already satisfied: pycparser in /home/***/.local/lib/python3.12/site-packages (from cffi>=1.16.0->pygit2>=1.14.0->scmrepo<4,>=3.3.2->dvc) (2.22)
[2024-05-12T15:42:54.641+0000] {subprocess.py:93} INFO - Collecting smmap<6,>=3.0.1 (from gitdb<5,>=4.0.1->gitpython>3->scmrepo<4,>=3.3.2->dvc)
[2024-05-12T15:42:54.687+0000] {subprocess.py:93} INFO -   Downloading smmap-5.0.1-py3-none-any.whl.metadata (4.3 kB)
[2024-05-12T15:42:54.717+0000] {subprocess.py:93} INFO - Requirement already satisfied: wcwidth in /home/***/.local/lib/python3.12/site-packages (from prompt-toolkit>=3.0.36->click-repl>=0.2.0->celery->dvc) (0.2.13)
[2024-05-12T15:42:54.887+0000] {subprocess.py:93} INFO - Downloading dvc-3.50.1-py3-none-any.whl (451 kB)
[2024-05-12T15:42:54.948+0000] {subprocess.py:93} INFO -    ━━━━━━━━━━━━━━━━━━━━━━━━━━━━━━━━━━━━━━━━ 451.6/451.6 kB 7.5 MB/s eta 0:00:00
[2024-05-12T15:42:54.991+0000] {subprocess.py:93} INFO - Downloading configobj-5.0.8-py2.py3-none-any.whl (36 kB)
[2024-05-12T15:42:55.040+0000] {subprocess.py:93} INFO - Downloading distro-1.9.0-py3-none-any.whl (20 kB)
[2024-05-12T15:42:55.095+0000] {subprocess.py:93} INFO - Downloading dpath-2.1.6-py3-none-any.whl (17 kB)
[2024-05-12T15:42:55.143+0000] {subprocess.py:93} INFO - Downloading dvc_data-3.15.1-py3-none-any.whl (71 kB)
[2024-05-12T15:42:55.156+0000] {subprocess.py:93} INFO -    ━━━━━━━━━━━━━━━━━━━━━━━━━━━━━━━━━━━━━━━━ 71.6/71.6 kB 9.7 MB/s eta 0:00:00
[2024-05-12T15:42:55.200+0000] {subprocess.py:93} INFO - Downloading dvc_http-2.32.0-py3-none-any.whl (12 kB)
[2024-05-12T15:42:55.249+0000] {subprocess.py:93} INFO - Downloading dvc_objects-5.1.0-py3-none-any.whl (33 kB)
[2024-05-12T15:42:55.299+0000] {subprocess.py:93} INFO - Downloading dvc_render-1.0.2-py3-none-any.whl (22 kB)
[2024-05-12T15:42:55.350+0000] {subprocess.py:93} INFO - Downloading dvc_studio_client-0.20.0-py3-none-any.whl (16 kB)
[2024-05-12T15:42:55.399+0000] {subprocess.py:93} INFO - Downloading dvc_task-0.4.0-py3-none-any.whl (21 kB)
[2024-05-12T15:42:55.448+0000] {subprocess.py:93} INFO - Downloading flatten_dict-0.4.2-py2.py3-none-any.whl (9.7 kB)
[2024-05-12T15:42:55.497+0000] {subprocess.py:93} INFO - Downloading flufl.lock-7.1.1-py3-none-any.whl (11 kB)
[2024-05-12T15:42:55.546+0000] {subprocess.py:93} INFO - Downloading fsspec-2024.3.1-py3-none-any.whl (171 kB)
[2024-05-12T15:42:55.557+0000] {subprocess.py:93} INFO -    ━━━━━━━━━━━━━━━━━━━━━━━━━━━━━━━━━━━━━━━━ 172.0/172.0 kB 20.0 MB/s eta 0:00:00
[2024-05-12T15:42:55.600+0000] {subprocess.py:93} INFO - Downloading funcy-2.0-py2.py3-none-any.whl (30 kB)
[2024-05-12T15:42:55.650+0000] {subprocess.py:93} INFO - Downloading grandalf-0.8-py3-none-any.whl (41 kB)
[2024-05-12T15:42:55.658+0000] {subprocess.py:93} INFO -    ━━━━━━━━━━━━━━━━━━━━━━━━━━━━━━━━━━━━━━━━ 41.8/41.8 kB 5.6 MB/s eta 0:00:00
[2024-05-12T15:42:55.703+0000] {subprocess.py:93} INFO - Downloading gto-1.7.1-py3-none-any.whl (46 kB)
[2024-05-12T15:42:55.710+0000] {subprocess.py:93} INFO -    ━━━━━━━━━━━━━━━━━━━━━━━━━━━━━━━━━━━━━━━━ 46.6/46.6 kB 7.8 MB/s eta 0:00:00
[2024-05-12T15:42:55.754+0000] {subprocess.py:93} INFO - Downloading hydra_core-1.3.2-py3-none-any.whl (154 kB)
[2024-05-12T15:42:55.766+0000] {subprocess.py:93} INFO -    ━━━━━━━━━━━━━━━━━━━━━━━━━━━━━━━━━━━━━━━━ 154.5/154.5 kB 15.1 MB/s eta 0:00:00
[2024-05-12T15:42:55.812+0000] {subprocess.py:93} INFO - Downloading iterative_telemetry-0.0.8-py3-none-any.whl (10 kB)
[2024-05-12T15:42:55.861+0000] {subprocess.py:93} INFO - Downloading networkx-3.3-py3-none-any.whl (1.7 MB)
[2024-05-12T15:42:56.166+0000] {subprocess.py:93} INFO -    ━━━━━━━━━━━━━━━━━━━━━━━━━━━━━━━━━━━━━━━━ 1.7/1.7 MB 5.6 MB/s eta 0:00:00
[2024-05-12T15:42:56.210+0000] {subprocess.py:93} INFO - Downloading omegaconf-2.3.0-py3-none-any.whl (79 kB)
[2024-05-12T15:42:56.218+0000] {subprocess.py:93} INFO -    ━━━━━━━━━━━━━━━━━━━━━━━━━━━━━━━━━━━━━━━━ 79.5/79.5 kB 12.6 MB/s eta 0:00:00
[2024-05-12T15:42:56.262+0000] {subprocess.py:93} INFO - Downloading platformdirs-3.11.0-py3-none-any.whl (17 kB)
[2024-05-12T15:42:56.311+0000] {subprocess.py:93} INFO - Downloading pydot-2.0.0-py3-none-any.whl (22 kB)
[2024-05-12T15:42:56.360+0000] {subprocess.py:93} INFO - Downloading pygtrie-2.5.0-py3-none-any.whl (25 kB)
[2024-05-12T15:42:56.409+0000] {subprocess.py:93} INFO - Downloading ruamel.yaml-0.18.6-py3-none-any.whl (117 kB)
[2024-05-12T15:42:56.417+0000] {subprocess.py:93} INFO -    ━━━━━━━━━━━━━━━━━━━━━━━━━━━━━━━━━━━━━━━━ 117.8/117.8 kB 20.0 MB/s eta 0:00:00
[2024-05-12T15:42:56.460+0000] {subprocess.py:93} INFO - Downloading scmrepo-3.3.2-py3-none-any.whl (73 kB)
[2024-05-12T15:42:56.468+0000] {subprocess.py:93} INFO -    ━━━━━━━━━━━━━━━━━━━━━━━━━━━━━━━━━━━━━━━━ 73.3/73.3 kB 12.0 MB/s eta 0:00:00
[2024-05-12T15:42:56.512+0000] {subprocess.py:93} INFO - Downloading dulwich-0.22.1-cp312-cp312-manylinux_2_17_x86_64.manylinux2014_x86_64.whl (978 kB)
[2024-05-12T15:42:56.635+0000] {subprocess.py:93} INFO -    ━━━━━━━━━━━━━━━━━━━━━━━━━━━━━━━━━━━━━━━━ 978.4/978.4 kB 8.0 MB/s eta 0:00:00
[2024-05-12T15:42:56.677+0000] {subprocess.py:93} INFO - Downloading shortuuid-1.0.13-py3-none-any.whl (10 kB)
[2024-05-12T15:42:56.725+0000] {subprocess.py:93} INFO - Downloading shtab-1.7.1-py3-none-any.whl (14 kB)
[2024-05-12T15:42:56.773+0000] {subprocess.py:93} INFO - Downloading tqdm-4.66.4-py3-none-any.whl (78 kB)
[2024-05-12T15:42:56.784+0000] {subprocess.py:93} INFO -    ━━━━━━━━━━━━━━━━━━━━━━━━━━━━━━━━━━━━━━━━ 78.3/78.3 kB 7.3 MB/s eta 0:00:00
[2024-05-12T15:42:56.829+0000] {subprocess.py:93} INFO - Downloading voluptuous-0.14.2-py3-none-any.whl (31 kB)
[2024-05-12T15:42:56.890+0000] {subprocess.py:93} INFO - Downloading zc.lockfile-3.0.post1-py3-none-any.whl (9.8 kB)
[2024-05-12T15:42:56.939+0000] {subprocess.py:93} INFO - Downloading aiohttp_retry-2.8.3-py3-none-any.whl (9.8 kB)
[2024-05-12T15:42:56.988+0000] {subprocess.py:93} INFO - Downloading atpublic-4.1.0-py3-none-any.whl (5.0 kB)
[2024-05-12T15:42:57.037+0000] {subprocess.py:93} INFO - Downloading dictdiffer-0.9.0-py2.py3-none-any.whl (16 kB)
[2024-05-12T15:42:57.088+0000] {subprocess.py:93} INFO - Downloading diskcache-5.6.3-py3-none-any.whl (45 kB)
[2024-05-12T15:42:57.097+0000] {subprocess.py:93} INFO -    ━━━━━━━━━━━━━━━━━━━━━━━━━━━━━━━━━━━━━━━━ 45.5/45.5 kB 5.0 MB/s eta 0:00:00
[2024-05-12T15:42:57.146+0000] {subprocess.py:93} INFO - Downloading GitPython-3.1.43-py3-none-any.whl (207 kB)
[2024-05-12T15:42:57.167+0000] {subprocess.py:93} INFO -    ━━━━━━━━━━━━━━━━━━━━━━━━━━━━━━━━━━━━━━━━ 207.3/207.3 kB 10.6 MB/s eta 0:00:00
[2024-05-12T15:42:57.211+0000] {subprocess.py:93} INFO - Downloading pygit2-1.14.1-cp312-cp312-manylinux_2_17_x86_64.manylinux2014_x86_64.whl (5.1 MB)
[2024-05-12T15:42:57.865+0000] {subprocess.py:93} INFO -    ━━━━━━━━━━━━━━━━━━━━━━━━━━━━━━━━━━━━━━━━ 5.1/5.1 MB 7.8 MB/s eta 0:00:00
[2024-05-12T15:42:57.909+0000] {subprocess.py:93} INFO - Downloading ruamel.yaml.clib-0.2.8-cp312-cp312-manylinux_2_17_x86_64.manylinux2014_x86_64.manylinux_2_28_x86_64.whl (734 kB)
[2024-05-12T15:42:57.974+0000] {subprocess.py:93} INFO -    ━━━━━━━━━━━━━━━━━━━━━━━━━━━━━━━━━━━━━━━━ 734.6/734.6 kB 11.9 MB/s eta 0:00:00
[2024-05-12T15:42:58.017+0000] {subprocess.py:93} INFO - Downloading semver-3.0.2-py3-none-any.whl (17 kB)
[2024-05-12T15:42:58.067+0000] {subprocess.py:93} INFO - Downloading sqltrie-0.11.0-py3-none-any.whl (17 kB)
[2024-05-12T15:42:58.117+0000] {subprocess.py:93} INFO - Downloading typer-0.12.3-py3-none-any.whl (47 kB)
[2024-05-12T15:42:58.125+0000] {subprocess.py:93} INFO -    ━━━━━━━━━━━━━━━━━━━━━━━━━━━━━━━━━━━━━━━━ 47.2/47.2 kB 6.6 MB/s eta 0:00:00
[2024-05-12T15:42:58.168+0000] {subprocess.py:93} INFO - Downloading appdirs-1.4.4-py2.py3-none-any.whl (9.6 kB)
[2024-05-12T15:42:58.218+0000] {subprocess.py:93} INFO - Downloading entrypoints-0.4-py3-none-any.whl (5.3 kB)
[2024-05-12T15:42:58.268+0000] {subprocess.py:93} INFO - Downloading gitdb-4.0.11-py3-none-any.whl (62 kB)
[2024-05-12T15:42:58.277+0000] {subprocess.py:93} INFO -    ━━━━━━━━━━━━━━━━━━━━━━━━━━━━━━━━━━━━━━━━ 62.7/62.7 kB 7.8 MB/s eta 0:00:00
[2024-05-12T15:42:58.320+0000] {subprocess.py:93} INFO - Downloading shellingham-1.5.4-py2.py3-none-any.whl (9.8 kB)
[2024-05-12T15:42:58.369+0000] {subprocess.py:93} INFO - Downloading orjson-3.10.3-cp312-cp312-manylinux_2_17_x86_64.manylinux2014_x86_64.whl (142 kB)
[2024-05-12T15:42:58.384+0000] {subprocess.py:93} INFO -    ━━━━━━━━━━━━━━━━━━━━━━━━━━━━━━━━━━━━━━━━ 142.7/142.7 kB 10.6 MB/s eta 0:00:00
[2024-05-12T15:42:58.427+0000] {subprocess.py:93} INFO - Downloading smmap-5.0.1-py3-none-any.whl (24 kB)
[2024-05-12T15:42:58.490+0000] {subprocess.py:93} INFO - Building wheels for collected packages: antlr4-python3-runtime
[2024-05-12T15:42:58.491+0000] {subprocess.py:93} INFO -   Building wheel for antlr4-python3-runtime (pyproject.toml): started
[2024-05-12T15:42:59.066+0000] {subprocess.py:93} INFO -   Building wheel for antlr4-python3-runtime (pyproject.toml): finished with status 'done'
[2024-05-12T15:42:59.067+0000] {subprocess.py:93} INFO -   Created wheel for antlr4-python3-runtime: filename=antlr4_python3_runtime-4.9.3-py3-none-any.whl size=144554 sha256=4f3a4d31c944fde0aba6156327cc514f06a0f760351dc788c094ba2aebed83d5
[2024-05-12T15:42:59.068+0000] {subprocess.py:93} INFO -   Stored in directory: /home/***/.cache/pip/wheels/1f/be/48/13754633f1d08d1fbfc60d5e80ae1e5d7329500477685286cd
[2024-05-12T15:42:59.069+0000] {subprocess.py:93} INFO - Successfully built antlr4-python3-runtime
[2024-05-12T15:43:01.641+0000] {subprocess.py:93} INFO - Installing collected packages: pygtrie, funcy, dictdiffer, appdirs, antlr4-python3-runtime, zc.lockfile, voluptuous, tqdm, smmap, shtab, shortuuid, shellingham, semver, ruamel.yaml.clib, pydot, platformdirs, orjson, omegaconf, networkx, grandalf, fsspec, flatten-dict, entrypoints, dvc-render, dulwich, dpath, distro, diskcache, configobj, atpublic, sqltrie, ruamel.yaml, pygit2, iterative-telemetry, hydra-core, gitdb, flufl.lock, dvc-studio-client, dvc-objects, typer, gitpython, dvc-data, aiohttp-retry, scmrepo, dvc-task, dvc-http, gto, dvc
[2024-05-12T15:43:02.064+0000] {subprocess.py:93} INFO -   Attempting uninstall: platformdirs
[2024-05-12T15:43:02.123+0000] {subprocess.py:93} INFO -     Found existing installation: platformdirs 4.2.1
[2024-05-12T15:43:02.128+0000] {subprocess.py:93} INFO -     Uninstalling platformdirs-4.2.1:
[2024-05-12T15:43:02.135+0000] {subprocess.py:93} INFO -       Successfully uninstalled platformdirs-4.2.1
[2024-05-12T15:43:03.610+0000] {subprocess.py:93} INFO -   Attempting uninstall: fsspec
[2024-05-12T15:43:03.691+0000] {subprocess.py:93} INFO -     Found existing installation: fsspec 2023.12.2
[2024-05-12T15:43:03.700+0000] {subprocess.py:93} INFO -     Uninstalling fsspec-2023.12.2:
[2024-05-12T15:43:03.754+0000] {subprocess.py:93} INFO -       Successfully uninstalled fsspec-2023.12.2
[2024-05-12T15:43:12.797+0000] {subprocess.py:93} INFO - ERROR: pip's dependency resolver does not currently take into account all the packages that are installed. This behaviour is the source of the following dependency conflicts.
[2024-05-12T15:43:12.797+0000] {subprocess.py:93} INFO - gcsfs 2023.12.2.post1 requires fsspec==2023.12.2, but you have fsspec 2024.3.1 which is incompatible.
[2024-05-12T15:43:12.798+0000] {subprocess.py:93} INFO - Successfully installed aiohttp-retry-2.8.3 antlr4-python3-runtime-4.9.3 appdirs-1.4.4 atpublic-4.1.0 configobj-5.0.8 dictdiffer-0.9.0 diskcache-5.6.3 distro-1.9.0 dpath-2.1.6 dulwich-0.22.1 dvc-3.50.1 dvc-data-3.15.1 dvc-http-2.32.0 dvc-objects-5.1.0 dvc-render-1.0.2 dvc-studio-client-0.20.0 dvc-task-0.4.0 entrypoints-0.4 flatten-dict-0.4.2 flufl.lock-7.1.1 fsspec-2024.3.1 funcy-2.0 gitdb-4.0.11 gitpython-3.1.43 grandalf-0.8 gto-1.7.1 hydra-core-1.3.2 iterative-telemetry-0.0.8 networkx-3.3 omegaconf-2.3.0 orjson-3.10.3 platformdirs-3.11.0 pydot-2.0.0 pygit2-1.14.1 pygtrie-2.5.0 ruamel.yaml-0.18.6 ruamel.yaml.clib-0.2.8 scmrepo-3.3.2 semver-3.0.2 shellingham-1.5.4 shortuuid-1.0.13 shtab-1.7.1 smmap-5.0.1 sqltrie-0.11.0 tqdm-4.66.4 typer-0.12.3 voluptuous-0.14.2 zc.lockfile-3.0.post1
[2024-05-12T15:43:13.354+0000] {subprocess.py:93} INFO - Reading package lists...
[2024-05-12T15:43:13.356+0000] {subprocess.py:93} INFO - E: List directory /var/lib/apt/lists/partial is missing. - Acquire (13: Permission denied)
[2024-05-12T15:43:13.357+0000] {subprocess.py:97} INFO - Command exited with return code 100
[2024-05-12T15:43:13.358+0000] {taskinstance.py:441} INFO - ::group::Post task execution logs
[2024-05-12T15:43:13.367+0000] {taskinstance.py:2905} ERROR - Task failed with exception
Traceback (most recent call last):
  File "/home/airflow/.local/lib/python3.12/site-packages/airflow/models/taskinstance.py", line 465, in _execute_task
    result = _execute_callable(context=context, **execute_callable_kwargs)
             ^^^^^^^^^^^^^^^^^^^^^^^^^^^^^^^^^^^^^^^^^^^^^^^^^^^^^^^^^^^^^
  File "/home/airflow/.local/lib/python3.12/site-packages/airflow/models/taskinstance.py", line 432, in _execute_callable
    return execute_callable(context=context, **execute_callable_kwargs)
           ^^^^^^^^^^^^^^^^^^^^^^^^^^^^^^^^^^^^^^^^^^^^^^^^^^^^^^^^^^^^
  File "/home/airflow/.local/lib/python3.12/site-packages/airflow/models/baseoperator.py", line 400, in wrapper
    return func(self, *args, **kwargs)
           ^^^^^^^^^^^^^^^^^^^^^^^^^^^
  File "/home/airflow/.local/lib/python3.12/site-packages/airflow/operators/bash.py", line 243, in execute
    raise AirflowException(
airflow.exceptions.AirflowException: Bash command failed. The command returned a non-zero exit code 100.
[2024-05-12T15:43:13.371+0000] {taskinstance.py:1206} INFO - Marking task as FAILED. dag_id=web_article_scraping, task_id=dvc_add_and_push, run_id=manual__2024-05-12T15:42:15.737439+00:00, execution_date=20240512T154215, start_date=20240512T154229, end_date=20240512T154313
[2024-05-12T15:43:13.387+0000] {standard_task_runner.py:110} ERROR - Failed to execute job 93 for task dvc_add_and_push (Bash command failed. The command returned a non-zero exit code 100.; 4503)
[2024-05-12T15:43:13.421+0000] {local_task_job_runner.py:240} INFO - Task exited with return code 1
[2024-05-12T15:43:13.439+0000] {taskinstance.py:3498} INFO - 0 downstream tasks scheduled from follow-on schedule check
[2024-05-12T15:43:13.441+0000] {local_task_job_runner.py:222} INFO - ::endgroup::
