[2024-05-12T16:56:25.682+0000] {local_task_job_runner.py:120} INFO - ::group::Pre task execution logs
[2024-05-12T16:56:25.699+0000] {taskinstance.py:2076} INFO - Dependencies all met for dep_context=non-requeueable deps ti=<TaskInstance: web_article_scraping.load manual__2024-05-12T16:56:15.707390+00:00 [queued]>
[2024-05-12T16:56:25.707+0000] {taskinstance.py:2076} INFO - Dependencies all met for dep_context=requeueable deps ti=<TaskInstance: web_article_scraping.load manual__2024-05-12T16:56:15.707390+00:00 [queued]>
[2024-05-12T16:56:25.708+0000] {taskinstance.py:2306} INFO - Starting attempt 1 of 1
[2024-05-12T16:56:25.718+0000] {taskinstance.py:2330} INFO - Executing <Task(PythonOperator): load> on 2024-05-12 16:56:15.707390+00:00
[2024-05-12T16:56:25.723+0000] {warnings.py:110} WARNING - /home/***/.local/lib/python3.12/site-packages/***/task/task_runner/standard_task_runner.py:61: DeprecationWarning: This process (pid=612) is multi-threaded, use of fork() may lead to deadlocks in the child.
  pid = os.fork()

[2024-05-12T16:56:25.725+0000] {standard_task_runner.py:63} INFO - Started process 614 to run task
[2024-05-12T16:56:25.725+0000] {standard_task_runner.py:90} INFO - Running: ['***', 'tasks', 'run', 'web_article_scraping', 'load', 'manual__2024-05-12T16:56:15.707390+00:00', '--job-id', '167', '--raw', '--subdir', 'DAGS_FOLDER/mlops_dag.py', '--cfg-path', '/tmp/tmpopq1hhml']
[2024-05-12T16:56:25.726+0000] {standard_task_runner.py:91} INFO - Job 167: Subtask load
[2024-05-12T16:56:25.762+0000] {task_command.py:426} INFO - Running <TaskInstance: web_article_scraping.load manual__2024-05-12T16:56:15.707390+00:00 [running]> on host e6e483b741f2
[2024-05-12T16:56:25.843+0000] {taskinstance.py:2648} INFO - Exporting env vars: AIRFLOW_CTX_DAG_OWNER='***' AIRFLOW_CTX_DAG_ID='web_article_scraping' AIRFLOW_CTX_TASK_ID='load' AIRFLOW_CTX_EXECUTION_DATE='2024-05-12T16:56:15.707390+00:00' AIRFLOW_CTX_TRY_NUMBER='1' AIRFLOW_CTX_DAG_RUN_ID='manual__2024-05-12T16:56:15.707390+00:00'
[2024-05-12T16:56:25.844+0000] {taskinstance.py:430} INFO - ::endgroup::
[2024-05-12T16:56:27.345+0000] {mlops_dag.py:39} WARNING - No valid title or description for URL: https://www.bbc.com/news/world-europe-68998913
[2024-05-12T16:56:27.512+0000] {mlops_dag.py:39} WARNING - No valid title or description for URL: https://www.bbc.com/news/uk-politics-68999212
[2024-05-12T16:56:27.682+0000] {mlops_dag.py:39} WARNING - No valid title or description for URL: https://www.bbc.com/news/world-europe-68998913
[2024-05-12T16:56:27.851+0000] {mlops_dag.py:39} WARNING - No valid title or description for URL: https://www.bbc.com/news/uk-politics-68999212
[2024-05-12T16:56:28.035+0000] {mlops_dag.py:39} WARNING - No valid title or description for URL: https://www.bbc.com/news/articles/c72p0xx410xo
[2024-05-12T16:56:28.226+0000] {mlops_dag.py:39} WARNING - No valid title or description for URL: https://www.bbc.com/news/world-us-canada-68996066
[2024-05-12T16:56:28.411+0000] {mlops_dag.py:39} WARNING - No valid title or description for URL: https://www.bbc.com/news/world-us-canada-68991796
[2024-05-12T16:56:28.787+0000] {python.py:237} INFO - Done. Returned value was: None
[2024-05-12T16:56:28.788+0000] {taskinstance.py:441} INFO - ::group::Post task execution logs
[2024-05-12T16:56:28.794+0000] {taskinstance.py:1206} INFO - Marking task as SUCCESS. dag_id=web_article_scraping, task_id=load, run_id=manual__2024-05-12T16:56:15.707390+00:00, execution_date=20240512T165615, start_date=20240512T165625, end_date=20240512T165628
[2024-05-12T16:56:28.828+0000] {local_task_job_runner.py:240} INFO - Task exited with return code 0
[2024-05-12T16:56:28.844+0000] {taskinstance.py:3498} INFO - 1 downstream tasks scheduled from follow-on schedule check
[2024-05-12T16:56:28.845+0000] {local_task_job_runner.py:222} INFO - ::endgroup::
