[2024-05-12T15:22:28.678+0000] {local_task_job_runner.py:120} INFO - ::group::Pre task execution logs
[2024-05-12T15:22:28.693+0000] {taskinstance.py:2076} INFO - Dependencies all met for dep_context=non-requeueable deps ti=<TaskInstance: web_article_scraping.load manual__2024-05-12T15:22:17.679106+00:00 [queued]>
[2024-05-12T15:22:28.699+0000] {taskinstance.py:2076} INFO - Dependencies all met for dep_context=requeueable deps ti=<TaskInstance: web_article_scraping.load manual__2024-05-12T15:22:17.679106+00:00 [queued]>
[2024-05-12T15:22:28.699+0000] {taskinstance.py:2306} INFO - Starting attempt 1 of 1
[2024-05-12T15:22:28.709+0000] {taskinstance.py:2330} INFO - Executing <Task(PythonOperator): load> on 2024-05-12 15:22:17.679106+00:00
[2024-05-12T15:22:28.713+0000] {warnings.py:110} WARNING - /home/***/.local/lib/python3.12/site-packages/***/task/task_runner/standard_task_runner.py:61: DeprecationWarning: This process (pid=4135) is multi-threaded, use of fork() may lead to deadlocks in the child.
  pid = os.fork()

[2024-05-12T15:22:28.714+0000] {standard_task_runner.py:63} INFO - Started process 4137 to run task
[2024-05-12T15:22:28.714+0000] {standard_task_runner.py:90} INFO - Running: ['***', 'tasks', 'run', 'web_article_scraping', 'load', 'manual__2024-05-12T15:22:17.679106+00:00', '--job-id', '67', '--raw', '--subdir', 'DAGS_FOLDER/mlops_dag.py', '--cfg-path', '/tmp/tmpvszt0381']
[2024-05-12T15:22:28.715+0000] {standard_task_runner.py:91} INFO - Job 67: Subtask load
[2024-05-12T15:22:28.748+0000] {task_command.py:426} INFO - Running <TaskInstance: web_article_scraping.load manual__2024-05-12T15:22:17.679106+00:00 [running]> on host 8b349270b58a
[2024-05-12T15:22:28.801+0000] {taskinstance.py:2648} INFO - Exporting env vars: AIRFLOW_CTX_DAG_OWNER='***' AIRFLOW_CTX_DAG_ID='web_article_scraping' AIRFLOW_CTX_TASK_ID='load' AIRFLOW_CTX_EXECUTION_DATE='2024-05-12T15:22:17.679106+00:00' AIRFLOW_CTX_TRY_NUMBER='1' AIRFLOW_CTX_DAG_RUN_ID='manual__2024-05-12T15:22:17.679106+00:00'
[2024-05-12T15:22:28.802+0000] {taskinstance.py:430} INFO - ::endgroup::
[2024-05-12T15:22:30.242+0000] {mlops_dag.py:34} WARNING - No valid title or description for URL: https://www.bbc.com/news/world-europe-68998913
[2024-05-12T15:22:30.244+0000] {mlops_dag.py:78} INFO - No data extracted for https://www.bbc.com/news/world-europe-68998913
[2024-05-12T15:22:30.423+0000] {mlops_dag.py:34} WARNING - No valid title or description for URL: https://www.bbc.com/news/uk-politics-68999212
[2024-05-12T15:22:30.425+0000] {mlops_dag.py:78} INFO - No data extracted for https://www.bbc.com/news/uk-politics-68999212
[2024-05-12T15:22:30.612+0000] {mlops_dag.py:34} WARNING - No valid title or description for URL: https://www.bbc.com/news/world-europe-68998913
[2024-05-12T15:22:30.614+0000] {mlops_dag.py:78} INFO - No data extracted for https://www.bbc.com/news/world-europe-68998913
[2024-05-12T15:22:30.784+0000] {mlops_dag.py:34} WARNING - No valid title or description for URL: https://www.bbc.com/news/uk-politics-68999212
[2024-05-12T15:22:30.786+0000] {mlops_dag.py:78} INFO - No data extracted for https://www.bbc.com/news/uk-politics-68999212
[2024-05-12T15:22:30.962+0000] {mlops_dag.py:34} WARNING - No valid title or description for URL: https://www.bbc.com/news/articles/c72p0xx410xo
[2024-05-12T15:22:30.964+0000] {mlops_dag.py:78} INFO - No data extracted for https://www.bbc.com/news/articles/c72p0xx410xo
[2024-05-12T15:22:31.131+0000] {mlops_dag.py:34} WARNING - No valid title or description for URL: https://www.bbc.com/news/world-us-canada-68996066
[2024-05-12T15:22:31.132+0000] {mlops_dag.py:78} INFO - No data extracted for https://www.bbc.com/news/world-us-canada-68996066
[2024-05-12T15:22:31.298+0000] {mlops_dag.py:34} WARNING - No valid title or description for URL: https://www.bbc.com/news/world-us-canada-68991796
[2024-05-12T15:22:31.299+0000] {mlops_dag.py:78} INFO - No data extracted for https://www.bbc.com/news/world-us-canada-68991796
[2024-05-12T15:22:31.655+0000] {python.py:237} INFO - Done. Returned value was: None
[2024-05-12T15:22:31.656+0000] {taskinstance.py:441} INFO - ::group::Post task execution logs
[2024-05-12T15:22:31.663+0000] {taskinstance.py:1206} INFO - Marking task as SUCCESS. dag_id=web_article_scraping, task_id=load, run_id=manual__2024-05-12T15:22:17.679106+00:00, execution_date=20240512T152217, start_date=20240512T152228, end_date=20240512T152231
[2024-05-12T15:22:31.697+0000] {local_task_job_runner.py:240} INFO - Task exited with return code 0
[2024-05-12T15:22:31.714+0000] {taskinstance.py:3498} INFO - 1 downstream tasks scheduled from follow-on schedule check
[2024-05-12T15:22:31.717+0000] {local_task_job_runner.py:222} INFO - ::endgroup::
