[2024-05-12T16:40:09.708+0000] {local_task_job_runner.py:120} INFO - ::group::Pre task execution logs
[2024-05-12T16:40:09.725+0000] {taskinstance.py:2076} INFO - Dependencies all met for dep_context=non-requeueable deps ti=<TaskInstance: web_article_scraping.load manual__2024-05-12T16:39:59.515657+00:00 [queued]>
[2024-05-12T16:40:09.732+0000] {taskinstance.py:2076} INFO - Dependencies all met for dep_context=requeueable deps ti=<TaskInstance: web_article_scraping.load manual__2024-05-12T16:39:59.515657+00:00 [queued]>
[2024-05-12T16:40:09.733+0000] {taskinstance.py:2306} INFO - Starting attempt 1 of 1
[2024-05-12T16:40:09.746+0000] {taskinstance.py:2330} INFO - Executing <Task(PythonOperator): load> on 2024-05-12 16:39:59.515657+00:00
[2024-05-12T16:40:09.751+0000] {warnings.py:110} WARNING - /home/***/.local/lib/python3.12/site-packages/***/task/task_runner/standard_task_runner.py:61: DeprecationWarning: This process (pid=238) is multi-threaded, use of fork() may lead to deadlocks in the child.
  pid = os.fork()

[2024-05-12T16:40:09.752+0000] {standard_task_runner.py:63} INFO - Started process 240 to run task
[2024-05-12T16:40:09.752+0000] {standard_task_runner.py:90} INFO - Running: ['***', 'tasks', 'run', 'web_article_scraping', 'load', 'manual__2024-05-12T16:39:59.515657+00:00', '--job-id', '157', '--raw', '--subdir', 'DAGS_FOLDER/mlops_dag.py', '--cfg-path', '/tmp/tmpwglmtrqs']
[2024-05-12T16:40:09.753+0000] {standard_task_runner.py:91} INFO - Job 157: Subtask load
[2024-05-12T16:40:09.792+0000] {task_command.py:426} INFO - Running <TaskInstance: web_article_scraping.load manual__2024-05-12T16:39:59.515657+00:00 [running]> on host e6e483b741f2
[2024-05-12T16:40:09.881+0000] {taskinstance.py:2648} INFO - Exporting env vars: AIRFLOW_CTX_DAG_OWNER='***' AIRFLOW_CTX_DAG_ID='web_article_scraping' AIRFLOW_CTX_TASK_ID='load' AIRFLOW_CTX_EXECUTION_DATE='2024-05-12T16:39:59.515657+00:00' AIRFLOW_CTX_TRY_NUMBER='1' AIRFLOW_CTX_DAG_RUN_ID='manual__2024-05-12T16:39:59.515657+00:00'
[2024-05-12T16:40:09.883+0000] {taskinstance.py:430} INFO - ::endgroup::
[2024-05-12T16:40:11.405+0000] {mlops_dag.py:36} WARNING - No valid title or description for URL: https://www.bbc.com/news/world-europe-68998913
[2024-05-12T16:40:11.407+0000] {mlops_dag.py:80} INFO - No data extracted for https://www.bbc.com/news/world-europe-68998913
[2024-05-12T16:40:11.582+0000] {mlops_dag.py:36} WARNING - No valid title or description for URL: https://www.bbc.com/news/uk-politics-68999212
[2024-05-12T16:40:11.584+0000] {mlops_dag.py:80} INFO - No data extracted for https://www.bbc.com/news/uk-politics-68999212
[2024-05-12T16:40:11.761+0000] {mlops_dag.py:36} WARNING - No valid title or description for URL: https://www.bbc.com/news/world-europe-68998913
[2024-05-12T16:40:11.763+0000] {mlops_dag.py:80} INFO - No data extracted for https://www.bbc.com/news/world-europe-68998913
[2024-05-12T16:40:11.955+0000] {mlops_dag.py:36} WARNING - No valid title or description for URL: https://www.bbc.com/news/uk-politics-68999212
[2024-05-12T16:40:11.958+0000] {mlops_dag.py:80} INFO - No data extracted for https://www.bbc.com/news/uk-politics-68999212
[2024-05-12T16:40:12.136+0000] {mlops_dag.py:36} WARNING - No valid title or description for URL: https://www.bbc.com/news/articles/c72p0xx410xo
[2024-05-12T16:40:12.138+0000] {mlops_dag.py:80} INFO - No data extracted for https://www.bbc.com/news/articles/c72p0xx410xo
[2024-05-12T16:40:12.319+0000] {mlops_dag.py:36} WARNING - No valid title or description for URL: https://www.bbc.com/news/world-us-canada-68996066
[2024-05-12T16:40:12.322+0000] {mlops_dag.py:80} INFO - No data extracted for https://www.bbc.com/news/world-us-canada-68996066
[2024-05-12T16:40:12.511+0000] {mlops_dag.py:36} WARNING - No valid title or description for URL: https://www.bbc.com/news/world-us-canada-68991796
[2024-05-12T16:40:12.512+0000] {mlops_dag.py:80} INFO - No data extracted for https://www.bbc.com/news/world-us-canada-68991796
[2024-05-12T16:40:12.941+0000] {python.py:237} INFO - Done. Returned value was: None
[2024-05-12T16:40:12.942+0000] {taskinstance.py:441} INFO - ::group::Post task execution logs
[2024-05-12T16:40:12.981+0000] {taskinstance.py:1206} INFO - Marking task as SUCCESS. dag_id=web_article_scraping, task_id=load, run_id=manual__2024-05-12T16:39:59.515657+00:00, execution_date=20240512T163959, start_date=20240512T164009, end_date=20240512T164012
[2024-05-12T16:40:13.017+0000] {local_task_job_runner.py:240} INFO - Task exited with return code 0
[2024-05-12T16:40:13.036+0000] {taskinstance.py:3498} INFO - 1 downstream tasks scheduled from follow-on schedule check
[2024-05-12T16:40:13.355+0000] {local_task_job_runner.py:222} INFO - ::endgroup::
