[2024-05-12T16:27:30.688+0000] {local_task_job_runner.py:120} INFO - ::group::Pre task execution logs
[2024-05-12T16:27:30.724+0000] {taskinstance.py:2076} INFO - Dependencies all met for dep_context=non-requeueable deps ti=<TaskInstance: web_article_scraping.load manual__2024-05-12T16:27:18.883657+00:00 [queued]>
[2024-05-12T16:27:30.730+0000] {taskinstance.py:2076} INFO - Dependencies all met for dep_context=requeueable deps ti=<TaskInstance: web_article_scraping.load manual__2024-05-12T16:27:18.883657+00:00 [queued]>
[2024-05-12T16:27:30.731+0000] {taskinstance.py:2306} INFO - Starting attempt 1 of 1
[2024-05-12T16:27:30.748+0000] {taskinstance.py:2330} INFO - Executing <Task(PythonOperator): load> on 2024-05-12 16:27:18.883657+00:00
[2024-05-12T16:27:30.755+0000] {warnings.py:110} WARNING - /home/***/.local/lib/python3.12/site-packages/***/task/task_runner/standard_task_runner.py:61: DeprecationWarning: This process (pid=484) is multi-threaded, use of fork() may lead to deadlocks in the child.
  pid = os.fork()

[2024-05-12T16:27:30.756+0000] {standard_task_runner.py:63} INFO - Started process 486 to run task
[2024-05-12T16:27:30.757+0000] {standard_task_runner.py:90} INFO - Running: ['***', 'tasks', 'run', 'web_article_scraping', 'load', 'manual__2024-05-12T16:27:18.883657+00:00', '--job-id', '127', '--raw', '--subdir', 'DAGS_FOLDER/mlops_dag.py', '--cfg-path', '/tmp/tmpq54u3jnq']
[2024-05-12T16:27:30.758+0000] {standard_task_runner.py:91} INFO - Job 127: Subtask load
[2024-05-12T16:27:30.801+0000] {task_command.py:426} INFO - Running <TaskInstance: web_article_scraping.load manual__2024-05-12T16:27:18.883657+00:00 [running]> on host d64c2340cf7b
[2024-05-12T16:27:30.865+0000] {taskinstance.py:2648} INFO - Exporting env vars: AIRFLOW_CTX_DAG_OWNER='***' AIRFLOW_CTX_DAG_ID='web_article_scraping' AIRFLOW_CTX_TASK_ID='load' AIRFLOW_CTX_EXECUTION_DATE='2024-05-12T16:27:18.883657+00:00' AIRFLOW_CTX_TRY_NUMBER='1' AIRFLOW_CTX_DAG_RUN_ID='manual__2024-05-12T16:27:18.883657+00:00'
[2024-05-12T16:27:30.866+0000] {taskinstance.py:430} INFO - ::endgroup::
[2024-05-12T16:27:32.375+0000] {mlops_dag.py:36} WARNING - No valid title or description for URL: https://www.bbc.com/news/world-europe-68998913
[2024-05-12T16:27:32.377+0000] {mlops_dag.py:80} INFO - No data extracted for https://www.bbc.com/news/world-europe-68998913
[2024-05-12T16:27:32.545+0000] {mlops_dag.py:36} WARNING - No valid title or description for URL: https://www.bbc.com/news/uk-politics-68999212
[2024-05-12T16:27:32.546+0000] {mlops_dag.py:80} INFO - No data extracted for https://www.bbc.com/news/uk-politics-68999212
[2024-05-12T16:27:32.715+0000] {mlops_dag.py:36} WARNING - No valid title or description for URL: https://www.bbc.com/news/world-europe-68998913
[2024-05-12T16:27:32.716+0000] {mlops_dag.py:80} INFO - No data extracted for https://www.bbc.com/news/world-europe-68998913
[2024-05-12T16:27:32.887+0000] {mlops_dag.py:36} WARNING - No valid title or description for URL: https://www.bbc.com/news/uk-politics-68999212
[2024-05-12T16:27:32.889+0000] {mlops_dag.py:80} INFO - No data extracted for https://www.bbc.com/news/uk-politics-68999212
[2024-05-12T16:27:33.058+0000] {mlops_dag.py:36} WARNING - No valid title or description for URL: https://www.bbc.com/news/articles/c72p0xx410xo
[2024-05-12T16:27:33.059+0000] {mlops_dag.py:80} INFO - No data extracted for https://www.bbc.com/news/articles/c72p0xx410xo
[2024-05-12T16:27:33.240+0000] {mlops_dag.py:36} WARNING - No valid title or description for URL: https://www.bbc.com/news/world-us-canada-68996066
[2024-05-12T16:27:33.242+0000] {mlops_dag.py:80} INFO - No data extracted for https://www.bbc.com/news/world-us-canada-68996066
[2024-05-12T16:27:33.410+0000] {mlops_dag.py:36} WARNING - No valid title or description for URL: https://www.bbc.com/news/world-us-canada-68991796
[2024-05-12T16:27:33.411+0000] {mlops_dag.py:80} INFO - No data extracted for https://www.bbc.com/news/world-us-canada-68991796
[2024-05-12T16:27:33.788+0000] {python.py:237} INFO - Done. Returned value was: None
[2024-05-12T16:27:33.788+0000] {taskinstance.py:441} INFO - ::group::Post task execution logs
[2024-05-12T16:27:33.795+0000] {taskinstance.py:1206} INFO - Marking task as SUCCESS. dag_id=web_article_scraping, task_id=load, run_id=manual__2024-05-12T16:27:18.883657+00:00, execution_date=20240512T162718, start_date=20240512T162730, end_date=20240512T162733
[2024-05-12T16:27:33.820+0000] {local_task_job_runner.py:240} INFO - Task exited with return code 0
[2024-05-12T16:27:33.836+0000] {taskinstance.py:3498} INFO - 1 downstream tasks scheduled from follow-on schedule check
[2024-05-12T16:27:33.838+0000] {local_task_job_runner.py:222} INFO - ::endgroup::
