[2024-05-12T16:39:11.208+0000] {local_task_job_runner.py:120} INFO - ::group::Pre task execution logs
[2024-05-12T16:39:11.227+0000] {taskinstance.py:2076} INFO - Dependencies all met for dep_context=non-requeueable deps ti=<TaskInstance: web_article_scraping.load manual__2024-05-12T16:38:31.879942+00:00 [queued]>
[2024-05-12T16:39:11.237+0000] {taskinstance.py:2076} INFO - Dependencies all met for dep_context=requeueable deps ti=<TaskInstance: web_article_scraping.load manual__2024-05-12T16:38:31.879942+00:00 [queued]>
[2024-05-12T16:39:11.238+0000] {taskinstance.py:2306} INFO - Starting attempt 1 of 1
[2024-05-12T16:39:11.250+0000] {taskinstance.py:2330} INFO - Executing <Task(PythonOperator): load> on 2024-05-12 16:38:31.879942+00:00
[2024-05-12T16:39:11.255+0000] {warnings.py:110} WARNING - /home/***/.local/lib/python3.12/site-packages/***/task/task_runner/standard_task_runner.py:61: DeprecationWarning: This process (pid=106) is multi-threaded, use of fork() may lead to deadlocks in the child.
  pid = os.fork()

[2024-05-12T16:39:11.257+0000] {standard_task_runner.py:90} INFO - Running: ['***', 'tasks', 'run', 'web_article_scraping', 'load', 'manual__2024-05-12T16:38:31.879942+00:00', '--job-id', '151', '--raw', '--subdir', 'DAGS_FOLDER/mlops_dag.py', '--cfg-path', '/tmp/tmpgkftrxmz']
[2024-05-12T16:39:11.280+0000] {standard_task_runner.py:63} INFO - Started process 110 to run task
[2024-05-12T16:39:11.280+0000] {standard_task_runner.py:91} INFO - Job 151: Subtask load
[2024-05-12T16:39:11.331+0000] {task_command.py:426} INFO - Running <TaskInstance: web_article_scraping.load manual__2024-05-12T16:38:31.879942+00:00 [running]> on host e6e483b741f2
[2024-05-12T16:39:11.400+0000] {taskinstance.py:2648} INFO - Exporting env vars: AIRFLOW_CTX_DAG_OWNER='***' AIRFLOW_CTX_DAG_ID='web_article_scraping' AIRFLOW_CTX_TASK_ID='load' AIRFLOW_CTX_EXECUTION_DATE='2024-05-12T16:38:31.879942+00:00' AIRFLOW_CTX_TRY_NUMBER='1' AIRFLOW_CTX_DAG_RUN_ID='manual__2024-05-12T16:38:31.879942+00:00'
[2024-05-12T16:39:11.401+0000] {taskinstance.py:430} INFO - ::endgroup::
[2024-05-12T16:39:12.986+0000] {mlops_dag.py:36} WARNING - No valid title or description for URL: https://www.bbc.com/news/world-europe-68998913
[2024-05-12T16:39:12.988+0000] {mlops_dag.py:80} INFO - No data extracted for https://www.bbc.com/news/world-europe-68998913
[2024-05-12T16:39:13.165+0000] {mlops_dag.py:36} WARNING - No valid title or description for URL: https://www.bbc.com/news/uk-politics-68999212
[2024-05-12T16:39:13.167+0000] {mlops_dag.py:80} INFO - No data extracted for https://www.bbc.com/news/uk-politics-68999212
[2024-05-12T16:39:13.446+0000] {mlops_dag.py:36} WARNING - No valid title or description for URL: https://www.bbc.com/news/world-europe-68998913
[2024-05-12T16:39:13.448+0000] {mlops_dag.py:80} INFO - No data extracted for https://www.bbc.com/news/world-europe-68998913
[2024-05-12T16:39:13.625+0000] {mlops_dag.py:36} WARNING - No valid title or description for URL: https://www.bbc.com/news/uk-politics-68999212
[2024-05-12T16:39:13.627+0000] {mlops_dag.py:80} INFO - No data extracted for https://www.bbc.com/news/uk-politics-68999212
[2024-05-12T16:39:13.801+0000] {mlops_dag.py:36} WARNING - No valid title or description for URL: https://www.bbc.com/news/articles/c72p0xx410xo
[2024-05-12T16:39:13.803+0000] {mlops_dag.py:80} INFO - No data extracted for https://www.bbc.com/news/articles/c72p0xx410xo
[2024-05-12T16:39:13.981+0000] {mlops_dag.py:36} WARNING - No valid title or description for URL: https://www.bbc.com/news/world-us-canada-68996066
[2024-05-12T16:39:13.982+0000] {mlops_dag.py:80} INFO - No data extracted for https://www.bbc.com/news/world-us-canada-68996066
[2024-05-12T16:39:14.157+0000] {mlops_dag.py:36} WARNING - No valid title or description for URL: https://www.bbc.com/news/world-us-canada-68991796
[2024-05-12T16:39:14.159+0000] {mlops_dag.py:80} INFO - No data extracted for https://www.bbc.com/news/world-us-canada-68991796
[2024-05-12T16:39:14.904+0000] {python.py:237} INFO - Done. Returned value was: None
[2024-05-12T16:39:14.905+0000] {taskinstance.py:441} INFO - ::group::Post task execution logs
[2024-05-12T16:39:14.914+0000] {taskinstance.py:1206} INFO - Marking task as SUCCESS. dag_id=web_article_scraping, task_id=load, run_id=manual__2024-05-12T16:38:31.879942+00:00, execution_date=20240512T163831, start_date=20240512T163911, end_date=20240512T163914
[2024-05-12T16:39:14.945+0000] {local_task_job_runner.py:240} INFO - Task exited with return code 0
[2024-05-12T16:39:14.974+0000] {local_task_job_runner.py:222} INFO - ::endgroup::
