[2024-05-12T13:03:56.078+0000] {local_task_job_runner.py:120} INFO - ::group::Pre task execution logs
[2024-05-12T13:03:56.093+0000] {taskinstance.py:2076} INFO - Dependencies all met for dep_context=non-requeueable deps ti=<TaskInstance: mlops-dag.Task_3 manual__2024-05-12T13:03:49.389816+00:00 [queued]>
[2024-05-12T13:03:56.099+0000] {taskinstance.py:2076} INFO - Dependencies all met for dep_context=requeueable deps ti=<TaskInstance: mlops-dag.Task_3 manual__2024-05-12T13:03:49.389816+00:00 [queued]>
[2024-05-12T13:03:56.100+0000] {taskinstance.py:2306} INFO - Starting attempt 1 of 1
[2024-05-12T13:03:56.110+0000] {taskinstance.py:2330} INFO - Executing <Task(PythonOperator): Task_3> on 2024-05-12 13:03:49.389816+00:00
[2024-05-12T13:03:56.115+0000] {warnings.py:110} WARNING - /home/***/.local/lib/python3.12/site-packages/***/task/task_runner/standard_task_runner.py:61: DeprecationWarning: This process (pid=2158) is multi-threaded, use of fork() may lead to deadlocks in the child.
  pid = os.fork()

[2024-05-12T13:03:56.116+0000] {standard_task_runner.py:63} INFO - Started process 2160 to run task
[2024-05-12T13:03:56.116+0000] {standard_task_runner.py:90} INFO - Running: ['***', 'tasks', 'run', 'mlops-dag', 'Task_3', 'manual__2024-05-12T13:03:49.389816+00:00', '--job-id', '18', '--raw', '--subdir', 'DAGS_FOLDER/mlops_dag.py', '--cfg-path', '/tmp/tmpk0f4wd3s']
[2024-05-12T13:03:56.119+0000] {standard_task_runner.py:91} INFO - Job 18: Subtask Task_3
[2024-05-12T13:03:56.151+0000] {task_command.py:426} INFO - Running <TaskInstance: mlops-dag.Task_3 manual__2024-05-12T13:03:49.389816+00:00 [running]> on host 8b349270b58a
[2024-05-12T13:03:56.210+0000] {taskinstance.py:2648} INFO - Exporting env vars: AIRFLOW_CTX_DAG_OWNER='***-demo' AIRFLOW_CTX_DAG_ID='mlops-dag' AIRFLOW_CTX_TASK_ID='Task_3' AIRFLOW_CTX_EXECUTION_DATE='2024-05-12T13:03:49.389816+00:00' AIRFLOW_CTX_TRY_NUMBER='1' AIRFLOW_CTX_DAG_RUN_ID='manual__2024-05-12T13:03:49.389816+00:00'
[2024-05-12T13:03:56.211+0000] {taskinstance.py:430} INFO - ::endgroup::
[2024-05-12T13:03:56.212+0000] {logging_mixin.py:188} INFO - Loading
[2024-05-12T13:03:56.212+0000] {python.py:237} INFO - Done. Returned value was: None
[2024-05-12T13:03:56.213+0000] {taskinstance.py:441} INFO - ::group::Post task execution logs
[2024-05-12T13:03:56.220+0000] {taskinstance.py:1206} INFO - Marking task as SUCCESS. dag_id=mlops-dag, task_id=Task_3, run_id=manual__2024-05-12T13:03:49.389816+00:00, execution_date=20240512T130349, start_date=20240512T130356, end_date=20240512T130356
[2024-05-12T13:03:56.250+0000] {local_task_job_runner.py:240} INFO - Task exited with return code 0
[2024-05-12T13:03:56.262+0000] {taskinstance.py:3498} INFO - 0 downstream tasks scheduled from follow-on schedule check
[2024-05-12T13:03:56.264+0000] {local_task_job_runner.py:222} INFO - ::endgroup::
