[2024-05-12T15:25:41.912+0000] {local_task_job_runner.py:120} INFO - ::group::Pre task execution logs
[2024-05-12T15:25:41.930+0000] {taskinstance.py:2076} INFO - Dependencies all met for dep_context=non-requeueable deps ti=<TaskInstance: web_article_scraping.load manual__2024-05-12T15:25:31.134348+00:00 [queued]>
[2024-05-12T15:25:41.937+0000] {taskinstance.py:2076} INFO - Dependencies all met for dep_context=requeueable deps ti=<TaskInstance: web_article_scraping.load manual__2024-05-12T15:25:31.134348+00:00 [queued]>
[2024-05-12T15:25:41.938+0000] {taskinstance.py:2306} INFO - Starting attempt 1 of 1
[2024-05-12T15:25:41.949+0000] {taskinstance.py:2330} INFO - Executing <Task(PythonOperator): load> on 2024-05-12 15:25:31.134348+00:00
[2024-05-12T15:25:41.954+0000] {warnings.py:110} WARNING - /home/***/.local/lib/python3.12/site-packages/***/task/task_runner/standard_task_runner.py:61: DeprecationWarning: This process (pid=4191) is multi-threaded, use of fork() may lead to deadlocks in the child.
  pid = os.fork()

[2024-05-12T15:25:41.955+0000] {standard_task_runner.py:63} INFO - Started process 4193 to run task
[2024-05-12T15:25:41.956+0000] {standard_task_runner.py:90} INFO - Running: ['***', 'tasks', 'run', 'web_article_scraping', 'load', 'manual__2024-05-12T15:25:31.134348+00:00', '--job-id', '71', '--raw', '--subdir', 'DAGS_FOLDER/mlops_dag.py', '--cfg-path', '/tmp/tmpxh28548s']
[2024-05-12T15:25:41.957+0000] {standard_task_runner.py:91} INFO - Job 71: Subtask load
[2024-05-12T15:25:41.993+0000] {task_command.py:426} INFO - Running <TaskInstance: web_article_scraping.load manual__2024-05-12T15:25:31.134348+00:00 [running]> on host 8b349270b58a
[2024-05-12T15:25:42.050+0000] {taskinstance.py:2648} INFO - Exporting env vars: AIRFLOW_CTX_DAG_OWNER='***' AIRFLOW_CTX_DAG_ID='web_article_scraping' AIRFLOW_CTX_TASK_ID='load' AIRFLOW_CTX_EXECUTION_DATE='2024-05-12T15:25:31.134348+00:00' AIRFLOW_CTX_TRY_NUMBER='1' AIRFLOW_CTX_DAG_RUN_ID='manual__2024-05-12T15:25:31.134348+00:00'
[2024-05-12T15:25:42.052+0000] {taskinstance.py:430} INFO - ::endgroup::
[2024-05-12T15:25:43.519+0000] {mlops_dag.py:34} WARNING - No valid title or description for URL: https://www.bbc.com/news/world-europe-68998913
[2024-05-12T15:25:43.521+0000] {mlops_dag.py:78} INFO - No data extracted for https://www.bbc.com/news/world-europe-68998913
[2024-05-12T15:25:43.688+0000] {mlops_dag.py:34} WARNING - No valid title or description for URL: https://www.bbc.com/news/uk-politics-68999212
[2024-05-12T15:25:43.689+0000] {mlops_dag.py:78} INFO - No data extracted for https://www.bbc.com/news/uk-politics-68999212
[2024-05-12T15:25:43.856+0000] {mlops_dag.py:34} WARNING - No valid title or description for URL: https://www.bbc.com/news/world-europe-68998913
[2024-05-12T15:25:43.857+0000] {mlops_dag.py:78} INFO - No data extracted for https://www.bbc.com/news/world-europe-68998913
[2024-05-12T15:25:44.023+0000] {mlops_dag.py:34} WARNING - No valid title or description for URL: https://www.bbc.com/news/uk-politics-68999212
[2024-05-12T15:25:44.024+0000] {mlops_dag.py:78} INFO - No data extracted for https://www.bbc.com/news/uk-politics-68999212
[2024-05-12T15:25:44.190+0000] {mlops_dag.py:34} WARNING - No valid title or description for URL: https://www.bbc.com/news/articles/c72p0xx410xo
[2024-05-12T15:25:44.191+0000] {mlops_dag.py:78} INFO - No data extracted for https://www.bbc.com/news/articles/c72p0xx410xo
[2024-05-12T15:25:44.356+0000] {mlops_dag.py:34} WARNING - No valid title or description for URL: https://www.bbc.com/news/world-us-canada-68996066
[2024-05-12T15:25:44.357+0000] {mlops_dag.py:78} INFO - No data extracted for https://www.bbc.com/news/world-us-canada-68996066
[2024-05-12T15:25:44.523+0000] {mlops_dag.py:34} WARNING - No valid title or description for URL: https://www.bbc.com/news/world-us-canada-68991796
[2024-05-12T15:25:44.525+0000] {mlops_dag.py:78} INFO - No data extracted for https://www.bbc.com/news/world-us-canada-68991796
[2024-05-12T15:25:44.879+0000] {python.py:237} INFO - Done. Returned value was: None
[2024-05-12T15:25:44.879+0000] {taskinstance.py:441} INFO - ::group::Post task execution logs
[2024-05-12T15:25:44.886+0000] {taskinstance.py:1206} INFO - Marking task as SUCCESS. dag_id=web_article_scraping, task_id=load, run_id=manual__2024-05-12T15:25:31.134348+00:00, execution_date=20240512T152531, start_date=20240512T152541, end_date=20240512T152544
[2024-05-12T15:25:44.938+0000] {local_task_job_runner.py:240} INFO - Task exited with return code 0
[2024-05-12T15:25:44.952+0000] {taskinstance.py:3498} INFO - 1 downstream tasks scheduled from follow-on schedule check
[2024-05-12T15:25:44.954+0000] {local_task_job_runner.py:222} INFO - ::endgroup::
