[2024-05-12T16:18:22.289+0000] {local_task_job_runner.py:120} INFO - ::group::Pre task execution logs
[2024-05-12T16:18:22.315+0000] {taskinstance.py:2076} INFO - Dependencies all met for dep_context=non-requeueable deps ti=<TaskInstance: web_article_scraping.load manual__2024-05-12T16:17:44.154842+00:00 [queued]>
[2024-05-12T16:18:22.322+0000] {taskinstance.py:2076} INFO - Dependencies all met for dep_context=requeueable deps ti=<TaskInstance: web_article_scraping.load manual__2024-05-12T16:17:44.154842+00:00 [queued]>
[2024-05-12T16:18:22.322+0000] {taskinstance.py:2306} INFO - Starting attempt 1 of 1
[2024-05-12T16:18:22.334+0000] {taskinstance.py:2330} INFO - Executing <Task(PythonOperator): load> on 2024-05-12 16:17:44.154842+00:00
[2024-05-12T16:18:22.340+0000] {warnings.py:110} WARNING - /home/***/.local/lib/python3.12/site-packages/***/task/task_runner/standard_task_runner.py:61: DeprecationWarning: This process (pid=229) is multi-threaded, use of fork() may lead to deadlocks in the child.
  pid = os.fork()

[2024-05-12T16:18:22.342+0000] {standard_task_runner.py:63} INFO - Started process 231 to run task
[2024-05-12T16:18:22.342+0000] {standard_task_runner.py:90} INFO - Running: ['***', 'tasks', 'run', 'web_article_scraping', 'load', 'manual__2024-05-12T16:17:44.154842+00:00', '--job-id', '115', '--raw', '--subdir', 'DAGS_FOLDER/mlops_dag.py', '--cfg-path', '/tmp/tmp8ac4pbi_']
[2024-05-12T16:18:22.343+0000] {standard_task_runner.py:91} INFO - Job 115: Subtask load
[2024-05-12T16:18:22.396+0000] {task_command.py:426} INFO - Running <TaskInstance: web_article_scraping.load manual__2024-05-12T16:17:44.154842+00:00 [running]> on host d64c2340cf7b
[2024-05-12T16:18:22.469+0000] {taskinstance.py:2648} INFO - Exporting env vars: AIRFLOW_CTX_DAG_OWNER='***' AIRFLOW_CTX_DAG_ID='web_article_scraping' AIRFLOW_CTX_TASK_ID='load' AIRFLOW_CTX_EXECUTION_DATE='2024-05-12T16:17:44.154842+00:00' AIRFLOW_CTX_TRY_NUMBER='1' AIRFLOW_CTX_DAG_RUN_ID='manual__2024-05-12T16:17:44.154842+00:00'
[2024-05-12T16:18:22.470+0000] {taskinstance.py:430} INFO - ::endgroup::
[2024-05-12T16:18:23.970+0000] {mlops_dag.py:36} WARNING - No valid title or description for URL: https://www.bbc.com/news/world-europe-68998913
[2024-05-12T16:18:23.972+0000] {mlops_dag.py:80} INFO - No data extracted for https://www.bbc.com/news/world-europe-68998913
[2024-05-12T16:18:24.140+0000] {mlops_dag.py:36} WARNING - No valid title or description for URL: https://www.bbc.com/news/uk-politics-68999212
[2024-05-12T16:18:24.141+0000] {mlops_dag.py:80} INFO - No data extracted for https://www.bbc.com/news/uk-politics-68999212
[2024-05-12T16:18:24.333+0000] {mlops_dag.py:36} WARNING - No valid title or description for URL: https://www.bbc.com/news/world-europe-68998913
[2024-05-12T16:18:24.335+0000] {mlops_dag.py:80} INFO - No data extracted for https://www.bbc.com/news/world-europe-68998913
[2024-05-12T16:18:24.583+0000] {mlops_dag.py:36} WARNING - No valid title or description for URL: https://www.bbc.com/news/uk-politics-68999212
[2024-05-12T16:18:24.584+0000] {mlops_dag.py:80} INFO - No data extracted for https://www.bbc.com/news/uk-politics-68999212
[2024-05-12T16:18:24.810+0000] {mlops_dag.py:36} WARNING - No valid title or description for URL: https://www.bbc.com/news/articles/c72p0xx410xo
[2024-05-12T16:18:24.811+0000] {mlops_dag.py:80} INFO - No data extracted for https://www.bbc.com/news/articles/c72p0xx410xo
[2024-05-12T16:18:25.032+0000] {mlops_dag.py:36} WARNING - No valid title or description for URL: https://www.bbc.com/news/world-us-canada-68996066
[2024-05-12T16:18:25.033+0000] {mlops_dag.py:80} INFO - No data extracted for https://www.bbc.com/news/world-us-canada-68996066
[2024-05-12T16:18:25.255+0000] {mlops_dag.py:36} WARNING - No valid title or description for URL: https://www.bbc.com/news/world-us-canada-68991796
[2024-05-12T16:18:25.257+0000] {mlops_dag.py:80} INFO - No data extracted for https://www.bbc.com/news/world-us-canada-68991796
[2024-05-12T16:18:25.725+0000] {python.py:237} INFO - Done. Returned value was: None
[2024-05-12T16:18:25.725+0000] {taskinstance.py:441} INFO - ::group::Post task execution logs
[2024-05-12T16:18:25.731+0000] {taskinstance.py:1206} INFO - Marking task as SUCCESS. dag_id=web_article_scraping, task_id=load, run_id=manual__2024-05-12T16:17:44.154842+00:00, execution_date=20240512T161744, start_date=20240512T161822, end_date=20240512T161825
[2024-05-12T16:18:25.797+0000] {local_task_job_runner.py:240} INFO - Task exited with return code 0
[2024-05-12T16:18:25.815+0000] {taskinstance.py:3498} INFO - 1 downstream tasks scheduled from follow-on schedule check
[2024-05-12T16:18:25.817+0000] {local_task_job_runner.py:222} INFO - ::endgroup::
