[2024-05-12T13:03:54.199+0000] {local_task_job_runner.py:120} INFO - ::group::Pre task execution logs
[2024-05-12T13:03:54.213+0000] {taskinstance.py:2076} INFO - Dependencies all met for dep_context=non-requeueable deps ti=<TaskInstance: mlops-dag.Task_2 manual__2024-05-12T13:03:49.389816+00:00 [queued]>
[2024-05-12T13:03:54.219+0000] {taskinstance.py:2076} INFO - Dependencies all met for dep_context=requeueable deps ti=<TaskInstance: mlops-dag.Task_2 manual__2024-05-12T13:03:49.389816+00:00 [queued]>
[2024-05-12T13:03:54.219+0000] {taskinstance.py:2306} INFO - Starting attempt 1 of 1
[2024-05-12T13:03:54.228+0000] {taskinstance.py:2330} INFO - Executing <Task(PythonOperator): Task_2> on 2024-05-12 13:03:49.389816+00:00
[2024-05-12T13:03:54.232+0000] {warnings.py:110} WARNING - /home/***/.local/lib/python3.12/site-packages/***/task/task_runner/standard_task_runner.py:61: DeprecationWarning: This process (pid=2155) is multi-threaded, use of fork() may lead to deadlocks in the child.
  pid = os.fork()

[2024-05-12T13:03:54.234+0000] {standard_task_runner.py:63} INFO - Started process 2157 to run task
[2024-05-12T13:03:54.234+0000] {standard_task_runner.py:90} INFO - Running: ['***', 'tasks', 'run', 'mlops-dag', 'Task_2', 'manual__2024-05-12T13:03:49.389816+00:00', '--job-id', '17', '--raw', '--subdir', 'DAGS_FOLDER/mlops_dag.py', '--cfg-path', '/tmp/tmpne38q4cn']
[2024-05-12T13:03:54.236+0000] {standard_task_runner.py:91} INFO - Job 17: Subtask Task_2
[2024-05-12T13:03:54.265+0000] {task_command.py:426} INFO - Running <TaskInstance: mlops-dag.Task_2 manual__2024-05-12T13:03:49.389816+00:00 [running]> on host 8b349270b58a
[2024-05-12T13:03:54.321+0000] {taskinstance.py:2648} INFO - Exporting env vars: AIRFLOW_CTX_DAG_OWNER='***-demo' AIRFLOW_CTX_DAG_ID='mlops-dag' AIRFLOW_CTX_TASK_ID='Task_2' AIRFLOW_CTX_EXECUTION_DATE='2024-05-12T13:03:49.389816+00:00' AIRFLOW_CTX_TRY_NUMBER='1' AIRFLOW_CTX_DAG_RUN_ID='manual__2024-05-12T13:03:49.389816+00:00'
[2024-05-12T13:03:54.322+0000] {taskinstance.py:430} INFO - ::endgroup::
[2024-05-12T13:03:54.323+0000] {logging_mixin.py:188} INFO - Transformation
[2024-05-12T13:03:54.324+0000] {python.py:237} INFO - Done. Returned value was: None
[2024-05-12T13:03:54.324+0000] {taskinstance.py:441} INFO - ::group::Post task execution logs
[2024-05-12T13:03:54.330+0000] {taskinstance.py:1206} INFO - Marking task as SUCCESS. dag_id=mlops-dag, task_id=Task_2, run_id=manual__2024-05-12T13:03:49.389816+00:00, execution_date=20240512T130349, start_date=20240512T130354, end_date=20240512T130354
[2024-05-12T13:03:54.367+0000] {local_task_job_runner.py:240} INFO - Task exited with return code 0
[2024-05-12T13:03:54.380+0000] {taskinstance.py:3498} INFO - 0 downstream tasks scheduled from follow-on schedule check
[2024-05-12T13:03:54.381+0000] {local_task_job_runner.py:222} INFO - ::endgroup::
