[2024-05-12T15:39:08.434+0000] {local_task_job_runner.py:120} INFO - ::group::Pre task execution logs
[2024-05-12T15:39:08.451+0000] {taskinstance.py:2076} INFO - Dependencies all met for dep_context=non-requeueable deps ti=<TaskInstance: web_article_scraping.load manual__2024-05-12T15:38:57.047480+00:00 [queued]>
[2024-05-12T15:39:08.457+0000] {taskinstance.py:2076} INFO - Dependencies all met for dep_context=requeueable deps ti=<TaskInstance: web_article_scraping.load manual__2024-05-12T15:38:57.047480+00:00 [queued]>
[2024-05-12T15:39:08.458+0000] {taskinstance.py:2306} INFO - Starting attempt 1 of 1
[2024-05-12T15:39:08.469+0000] {taskinstance.py:2330} INFO - Executing <Task(PythonOperator): load> on 2024-05-12 15:38:57.047480+00:00
[2024-05-12T15:39:08.474+0000] {warnings.py:110} WARNING - /home/***/.local/lib/python3.12/site-packages/***/task/task_runner/standard_task_runner.py:61: DeprecationWarning: This process (pid=4408) is multi-threaded, use of fork() may lead to deadlocks in the child.
  pid = os.fork()

[2024-05-12T15:39:08.476+0000] {standard_task_runner.py:63} INFO - Started process 4410 to run task
[2024-05-12T15:39:08.475+0000] {standard_task_runner.py:90} INFO - Running: ['***', 'tasks', 'run', 'web_article_scraping', 'load', 'manual__2024-05-12T15:38:57.047480+00:00', '--job-id', '83', '--raw', '--subdir', 'DAGS_FOLDER/mlops_dag.py', '--cfg-path', '/tmp/tmp20foxf65']
[2024-05-12T15:39:08.477+0000] {standard_task_runner.py:91} INFO - Job 83: Subtask load
[2024-05-12T15:39:08.514+0000] {task_command.py:426} INFO - Running <TaskInstance: web_article_scraping.load manual__2024-05-12T15:38:57.047480+00:00 [running]> on host 8b349270b58a
[2024-05-12T15:39:08.571+0000] {taskinstance.py:2648} INFO - Exporting env vars: AIRFLOW_CTX_DAG_OWNER='***' AIRFLOW_CTX_DAG_ID='web_article_scraping' AIRFLOW_CTX_TASK_ID='load' AIRFLOW_CTX_EXECUTION_DATE='2024-05-12T15:38:57.047480+00:00' AIRFLOW_CTX_TRY_NUMBER='1' AIRFLOW_CTX_DAG_RUN_ID='manual__2024-05-12T15:38:57.047480+00:00'
[2024-05-12T15:39:08.573+0000] {taskinstance.py:430} INFO - ::endgroup::
[2024-05-12T15:39:10.033+0000] {mlops_dag.py:36} WARNING - No valid title or description for URL: https://www.bbc.com/news/world-europe-68998913
[2024-05-12T15:39:10.035+0000] {mlops_dag.py:80} INFO - No data extracted for https://www.bbc.com/news/world-europe-68998913
[2024-05-12T15:39:10.205+0000] {mlops_dag.py:36} WARNING - No valid title or description for URL: https://www.bbc.com/news/uk-politics-68999212
[2024-05-12T15:39:10.206+0000] {mlops_dag.py:80} INFO - No data extracted for https://www.bbc.com/news/uk-politics-68999212
[2024-05-12T15:39:10.370+0000] {mlops_dag.py:36} WARNING - No valid title or description for URL: https://www.bbc.com/news/world-europe-68998913
[2024-05-12T15:39:10.371+0000] {mlops_dag.py:80} INFO - No data extracted for https://www.bbc.com/news/world-europe-68998913
[2024-05-12T15:39:10.536+0000] {mlops_dag.py:36} WARNING - No valid title or description for URL: https://www.bbc.com/news/uk-politics-68999212
[2024-05-12T15:39:10.537+0000] {mlops_dag.py:80} INFO - No data extracted for https://www.bbc.com/news/uk-politics-68999212
[2024-05-12T15:39:10.703+0000] {mlops_dag.py:36} WARNING - No valid title or description for URL: https://www.bbc.com/news/articles/c72p0xx410xo
[2024-05-12T15:39:10.704+0000] {mlops_dag.py:80} INFO - No data extracted for https://www.bbc.com/news/articles/c72p0xx410xo
[2024-05-12T15:39:10.869+0000] {mlops_dag.py:36} WARNING - No valid title or description for URL: https://www.bbc.com/news/world-us-canada-68996066
[2024-05-12T15:39:10.871+0000] {mlops_dag.py:80} INFO - No data extracted for https://www.bbc.com/news/world-us-canada-68996066
[2024-05-12T15:39:11.039+0000] {mlops_dag.py:36} WARNING - No valid title or description for URL: https://www.bbc.com/news/world-us-canada-68991796
[2024-05-12T15:39:11.041+0000] {mlops_dag.py:80} INFO - No data extracted for https://www.bbc.com/news/world-us-canada-68991796
[2024-05-12T15:39:11.397+0000] {python.py:237} INFO - Done. Returned value was: None
[2024-05-12T15:39:11.398+0000] {taskinstance.py:441} INFO - ::group::Post task execution logs
[2024-05-12T15:39:11.404+0000] {taskinstance.py:1206} INFO - Marking task as SUCCESS. dag_id=web_article_scraping, task_id=load, run_id=manual__2024-05-12T15:38:57.047480+00:00, execution_date=20240512T153857, start_date=20240512T153908, end_date=20240512T153911
[2024-05-12T15:39:11.459+0000] {local_task_job_runner.py:240} INFO - Task exited with return code 0
[2024-05-12T15:39:11.477+0000] {taskinstance.py:3498} INFO - 1 downstream tasks scheduled from follow-on schedule check
[2024-05-12T15:39:11.478+0000] {local_task_job_runner.py:222} INFO - ::endgroup::
