[2024-05-12T15:39:12.876+0000] {local_task_job_runner.py:120} INFO - ::group::Pre task execution logs
[2024-05-12T15:39:12.893+0000] {taskinstance.py:2076} INFO - Dependencies all met for dep_context=non-requeueable deps ti=<TaskInstance: web_article_scraping.also_run_this manual__2024-05-12T15:38:57.047480+00:00 [queued]>
[2024-05-12T15:39:12.900+0000] {taskinstance.py:2076} INFO - Dependencies all met for dep_context=requeueable deps ti=<TaskInstance: web_article_scraping.also_run_this manual__2024-05-12T15:38:57.047480+00:00 [queued]>
[2024-05-12T15:39:12.901+0000] {taskinstance.py:2306} INFO - Starting attempt 1 of 1
[2024-05-12T15:39:12.912+0000] {taskinstance.py:2330} INFO - Executing <Task(BashOperator): also_run_this> on 2024-05-12 15:38:57.047480+00:00
[2024-05-12T15:39:12.917+0000] {warnings.py:110} WARNING - /home/***/.local/lib/python3.12/site-packages/***/task/task_runner/standard_task_runner.py:61: DeprecationWarning: This process (pid=4411) is multi-threaded, use of fork() may lead to deadlocks in the child.
  pid = os.fork()

[2024-05-12T15:39:12.919+0000] {standard_task_runner.py:63} INFO - Started process 4413 to run task
[2024-05-12T15:39:12.919+0000] {standard_task_runner.py:90} INFO - Running: ['***', 'tasks', 'run', 'web_article_scraping', 'also_run_this', 'manual__2024-05-12T15:38:57.047480+00:00', '--job-id', '84', '--raw', '--subdir', 'DAGS_FOLDER/mlops_dag.py', '--cfg-path', '/tmp/tmpxp8nw0pz']
[2024-05-12T15:39:12.920+0000] {standard_task_runner.py:91} INFO - Job 84: Subtask also_run_this
[2024-05-12T15:39:12.955+0000] {task_command.py:426} INFO - Running <TaskInstance: web_article_scraping.also_run_this manual__2024-05-12T15:38:57.047480+00:00 [running]> on host 8b349270b58a
[2024-05-12T15:39:13.016+0000] {taskinstance.py:2648} INFO - Exporting env vars: AIRFLOW_CTX_DAG_OWNER='***' AIRFLOW_CTX_DAG_ID='web_article_scraping' AIRFLOW_CTX_TASK_ID='also_run_this' AIRFLOW_CTX_EXECUTION_DATE='2024-05-12T15:38:57.047480+00:00' AIRFLOW_CTX_TRY_NUMBER='1' AIRFLOW_CTX_DAG_RUN_ID='manual__2024-05-12T15:38:57.047480+00:00'
[2024-05-12T15:39:13.018+0000] {taskinstance.py:430} INFO - ::endgroup::
[2024-05-12T15:39:13.019+0000] {subprocess.py:63} INFO - Tmp dir root location: /tmp
[2024-05-12T15:39:13.019+0000] {subprocess.py:75} INFO - Running command: ['/usr/bin/bash', '-c', 'echo hello']
[2024-05-12T15:39:13.027+0000] {subprocess.py:86} INFO - Output:
[2024-05-12T15:39:13.028+0000] {subprocess.py:93} INFO - hello
[2024-05-12T15:39:13.029+0000] {subprocess.py:97} INFO - Command exited with return code 0
[2024-05-12T15:39:13.029+0000] {taskinstance.py:441} INFO - ::group::Post task execution logs
[2024-05-12T15:39:13.048+0000] {taskinstance.py:1206} INFO - Marking task as SUCCESS. dag_id=web_article_scraping, task_id=also_run_this, run_id=manual__2024-05-12T15:38:57.047480+00:00, execution_date=20240512T153857, start_date=20240512T153912, end_date=20240512T153913
[2024-05-12T15:39:13.092+0000] {local_task_job_runner.py:240} INFO - Task exited with return code 0
[2024-05-12T15:39:13.114+0000] {taskinstance.py:3498} INFO - 1 downstream tasks scheduled from follow-on schedule check
[2024-05-12T15:39:13.118+0000] {local_task_job_runner.py:222} INFO - ::endgroup::
