[2024-05-12T13:03:50.728+0000] {local_task_job_runner.py:120} INFO - ::group::Pre task execution logs
[2024-05-12T13:03:50.746+0000] {taskinstance.py:2076} INFO - Dependencies all met for dep_context=non-requeueable deps ti=<TaskInstance: mlops-dag.Task_1 manual__2024-05-12T13:03:49.389816+00:00 [queued]>
[2024-05-12T13:03:50.753+0000] {taskinstance.py:2076} INFO - Dependencies all met for dep_context=requeueable deps ti=<TaskInstance: mlops-dag.Task_1 manual__2024-05-12T13:03:49.389816+00:00 [queued]>
[2024-05-12T13:03:50.754+0000] {taskinstance.py:2306} INFO - Starting attempt 1 of 1
[2024-05-12T13:03:50.764+0000] {taskinstance.py:2330} INFO - Executing <Task(PythonOperator): Task_1> on 2024-05-12 13:03:49.389816+00:00
[2024-05-12T13:03:50.769+0000] {warnings.py:110} WARNING - /home/***/.local/lib/python3.12/site-packages/***/task/task_runner/standard_task_runner.py:61: DeprecationWarning: This process (pid=2152) is multi-threaded, use of fork() may lead to deadlocks in the child.
  pid = os.fork()

[2024-05-12T13:03:50.770+0000] {standard_task_runner.py:63} INFO - Started process 2154 to run task
[2024-05-12T13:03:50.770+0000] {standard_task_runner.py:90} INFO - Running: ['***', 'tasks', 'run', 'mlops-dag', 'Task_1', 'manual__2024-05-12T13:03:49.389816+00:00', '--job-id', '16', '--raw', '--subdir', 'DAGS_FOLDER/mlops_dag.py', '--cfg-path', '/tmp/tmpayydgmd4']
[2024-05-12T13:03:50.772+0000] {standard_task_runner.py:91} INFO - Job 16: Subtask Task_1
[2024-05-12T13:03:50.807+0000] {task_command.py:426} INFO - Running <TaskInstance: mlops-dag.Task_1 manual__2024-05-12T13:03:49.389816+00:00 [running]> on host 8b349270b58a
[2024-05-12T13:03:50.875+0000] {taskinstance.py:2648} INFO - Exporting env vars: AIRFLOW_CTX_DAG_OWNER='***-demo' AIRFLOW_CTX_DAG_ID='mlops-dag' AIRFLOW_CTX_TASK_ID='Task_1' AIRFLOW_CTX_EXECUTION_DATE='2024-05-12T13:03:49.389816+00:00' AIRFLOW_CTX_TRY_NUMBER='1' AIRFLOW_CTX_DAG_RUN_ID='manual__2024-05-12T13:03:49.389816+00:00'
[2024-05-12T13:03:50.877+0000] {taskinstance.py:430} INFO - ::endgroup::
[2024-05-12T13:03:52.422+0000] {logging_mixin.py:188} INFO - https://epaper.dawn.com
[2024-05-12T13:03:52.423+0000] {logging_mixin.py:188} INFO - https://www.dawnnews.tv/watch-live
[2024-05-12T13:03:52.423+0000] {logging_mixin.py:188} INFO - https://www.dawnnews.tv
[2024-05-12T13:03:52.424+0000] {logging_mixin.py:188} INFO - https://images.dawn.com
[2024-05-12T13:03:52.424+0000] {logging_mixin.py:188} INFO - https://herald.dawn.com
[2024-05-12T13:03:52.424+0000] {logging_mixin.py:188} INFO - https://aurora.dawn.com
[2024-05-12T13:03:52.424+0000] {logging_mixin.py:188} INFO - https://cityfm89.com
[2024-05-12T13:03:52.425+0000] {logging_mixin.py:188} INFO - https://www.dawn.com/advertise
[2024-05-12T13:03:52.425+0000] {logging_mixin.py:188} INFO - https://educationexpo.dawn.com
[2024-05-12T13:03:52.425+0000] {logging_mixin.py:188} INFO - https://www.dawn.com/events/supplements
[2024-05-12T13:03:52.425+0000] {logging_mixin.py:188} INFO - http://classifieds.dawn.com/
[2024-05-12T13:03:52.426+0000] {logging_mixin.py:188} INFO - https://obituary.dawn.com
[2024-05-12T13:03:52.426+0000] {logging_mixin.py:188} INFO - https://www.dawn.com/
[2024-05-12T13:03:52.426+0000] {logging_mixin.py:188} INFO - https://epaper.dawn.com
[2024-05-12T13:03:52.426+0000] {logging_mixin.py:188} INFO - //www.dawn.com
[2024-05-12T13:03:52.427+0000] {logging_mixin.py:188} INFO - /latest-news
[2024-05-12T13:03:52.427+0000] {logging_mixin.py:188} INFO - https://www.dawn.com/trends/gaza-invasion
[2024-05-12T13:03:52.427+0000] {logging_mixin.py:188} INFO - /pakistan
[2024-05-12T13:03:52.427+0000] {logging_mixin.py:188} INFO - /opinion
[2024-05-12T13:03:52.427+0000] {logging_mixin.py:188} INFO - /business
[2024-05-12T13:03:52.428+0000] {logging_mixin.py:188} INFO - /world
[2024-05-12T13:03:52.428+0000] {logging_mixin.py:188} INFO - /entertainment
[2024-05-12T13:03:52.428+0000] {logging_mixin.py:188} INFO - /prism
[2024-05-12T13:03:52.428+0000] {logging_mixin.py:188} INFO - /sport
[2024-05-12T13:03:52.429+0000] {logging_mixin.py:188} INFO - /magazines
[2024-05-12T13:03:52.429+0000] {logging_mixin.py:188} INFO - /tech
[2024-05-12T13:03:52.429+0000] {logging_mixin.py:188} INFO - /videos
[2024-05-12T13:03:52.429+0000] {logging_mixin.py:188} INFO - /popular
[2024-05-12T13:03:52.429+0000] {logging_mixin.py:188} INFO - /newspaper
[2024-05-12T13:03:52.430+0000] {logging_mixin.py:188} INFO - https://www.dawnrelief.com/
[2024-05-12T13:03:52.430+0000] {logging_mixin.py:188} INFO - //www.dawn.com
[2024-05-12T13:03:52.430+0000] {logging_mixin.py:188} INFO - /latest-news
[2024-05-12T13:03:52.430+0000] {logging_mixin.py:188} INFO - https://www.dawn.com/trends/gaza-invasion
[2024-05-12T13:03:52.430+0000] {logging_mixin.py:188} INFO - /pakistan
[2024-05-12T13:03:52.431+0000] {logging_mixin.py:188} INFO - /opinion
[2024-05-12T13:03:52.431+0000] {logging_mixin.py:188} INFO - /business
[2024-05-12T13:03:52.431+0000] {logging_mixin.py:188} INFO - /world
[2024-05-12T13:03:52.431+0000] {logging_mixin.py:188} INFO - /entertainment
[2024-05-12T13:03:52.431+0000] {logging_mixin.py:188} INFO - /prism
[2024-05-12T13:03:52.432+0000] {logging_mixin.py:188} INFO - /sport
[2024-05-12T13:03:52.432+0000] {logging_mixin.py:188} INFO - /magazines
[2024-05-12T13:03:52.432+0000] {logging_mixin.py:188} INFO - /tech
[2024-05-12T13:03:52.432+0000] {logging_mixin.py:188} INFO - /videos
[2024-05-12T13:03:52.433+0000] {logging_mixin.py:188} INFO - /popular
[2024-05-12T13:03:52.433+0000] {logging_mixin.py:188} INFO - /newspaper
[2024-05-12T13:03:52.433+0000] {logging_mixin.py:188} INFO - https://www.dawnrelief.com/
[2024-05-12T13:03:52.433+0000] {logging_mixin.py:188} INFO - /live/elections-2024#1822566
[2024-05-12T13:03:52.433+0000] {logging_mixin.py:188} INFO - /live/elections-2024#1822564
[2024-05-12T13:03:52.434+0000] {logging_mixin.py:188} INFO - /live/elections-2024#1822561
[2024-05-12T13:03:52.434+0000] {logging_mixin.py:188} INFO - https://www.dawn.com/news/1833050/no-such-thing-as-strategic-state-owned-enterprises-says-finance-minister-aurangzeb
[2024-05-12T13:03:52.434+0000] {logging_mixin.py:188} INFO - https://www.dawn.com/news/1833050/no-such-thing-as-strategic-state-owned-enterprises-says-finance-minister-aurangzeb
[2024-05-12T13:03:52.434+0000] {logging_mixin.py:188} INFO - https://www.dawn.com/news/1832806/govt-to-focus-on-strategic-state-owned-entities-only-ishaq-dar
[2024-05-12T13:03:52.434+0000] {logging_mixin.py:188} INFO - https://www.dawn.com/news/1832994/lender-endorses-status-quo-in-sbps-policy-rate
[2024-05-12T13:03:52.435+0000] {logging_mixin.py:188} INFO - https://www.dawn.com/news/1833000/adb-links-support-with-imfs-clean-chit
[2024-05-12T13:03:52.435+0000] {logging_mixin.py:188} INFO - https://www.dawn.com/news/1833053/imf-mission-to-meet-pakistani-authorities-next-week-to-discuss-next-phase-of-engagement-official
[2024-05-12T13:03:52.435+0000] {logging_mixin.py:188} INFO - https://www.dawn.com/news/1833053/imf-mission-to-meet-pakistani-authorities-next-week-to-discuss-next-phase-of-engagement-official
[2024-05-12T13:03:52.435+0000] {logging_mixin.py:188} INFO - https://www.dawn.com/news/1833056/situation-in-ajk-calms-down-after-2-days-of-violent-clashes
[2024-05-12T13:03:52.435+0000] {logging_mixin.py:188} INFO - https://www.dawn.com/news/1833056/situation-in-ajk-calms-down-after-2-days-of-violent-clashes
[2024-05-12T13:03:52.436+0000] {logging_mixin.py:188} INFO - https://www.dawn.com/news/1833052/fight-till-the-last-ball-pcb-chief-tells-cricket-team-in-dublin
[2024-05-12T13:03:52.436+0000] {logging_mixin.py:188} INFO - https://www.dawn.com/news/1833052/fight-till-the-last-ball-pcb-chief-tells-cricket-team-in-dublin
[2024-05-12T13:03:52.436+0000] {logging_mixin.py:188} INFO - https://www.dawn.com/live/gaza-invasion
[2024-05-12T13:03:52.436+0000] {logging_mixin.py:188} INFO - https://www.dawn.com/live/gaza-invasion
[2024-05-12T13:03:52.436+0000] {logging_mixin.py:188} INFO - https://www.dawn.com/news/1833042/canada-arrests-fourth-indian-national-in-killing-of-sikh-activist
[2024-05-12T13:03:52.436+0000] {logging_mixin.py:188} INFO - https://www.dawn.com/news/1833042/canada-arrests-fourth-indian-national-in-killing-of-sikh-activist
[2024-05-12T13:03:52.437+0000] {logging_mixin.py:188} INFO - https://www.dawn.com/news/1833046/second-night-of-auroras-seen-amid-extreme-solar-storm
[2024-05-12T13:03:52.437+0000] {logging_mixin.py:188} INFO - https://www.dawn.com/news/1833046/second-night-of-auroras-seen-amid-extreme-solar-storm
[2024-05-12T13:03:52.437+0000] {logging_mixin.py:188} INFO - https://www.dawn.com/news/1833000/adb-links-support-with-imfs-clean-chit
[2024-05-12T13:03:52.437+0000] {logging_mixin.py:188} INFO - https://www.dawn.com/news/1833000/adb-links-support-with-imfs-clean-chit
[2024-05-12T13:03:52.438+0000] {logging_mixin.py:188} INFO - https://www.dawn.com/news/1832980/govt-hints-at-raising-wheat-purchase-target
[2024-05-12T13:03:52.438+0000] {logging_mixin.py:188} INFO - https://www.dawn.com/news/1832980/govt-hints-at-raising-wheat-purchase-target
[2024-05-12T13:03:52.438+0000] {logging_mixin.py:188} INFO - https://www.dawn.com/news/1832990/kp-governor-cm-gandapur-exchange-threats-in-acrid-spat
[2024-05-12T13:03:52.439+0000] {logging_mixin.py:188} INFO - https://www.dawn.com/news/1832990/kp-governor-cm-gandapur-exchange-threats-in-acrid-spat
[2024-05-12T13:03:52.439+0000] {logging_mixin.py:188} INFO - /latest-news
[2024-05-12T13:03:52.439+0000] {logging_mixin.py:188} INFO - https://www.youtube.com/c/DawnNewsEnglish
[2024-05-12T13:03:52.439+0000] {logging_mixin.py:188} INFO - https://www.youtube.com/watch?v=UeSr8kxz7kE
[2024-05-12T13:03:52.439+0000] {logging_mixin.py:188} INFO - https://www.youtube.com/watch?v=UeSr8kxz7kE
[2024-05-12T13:03:52.439+0000] {logging_mixin.py:188} INFO - https://www.youtube.com/watch?v=DLnFKstpqSM
[2024-05-12T13:03:52.440+0000] {logging_mixin.py:188} INFO - https://www.youtube.com/watch?v=DLnFKstpqSM
[2024-05-12T13:03:52.440+0000] {logging_mixin.py:188} INFO - https://www.youtube.com/watch?v=ax6GtKBV4o4
[2024-05-12T13:03:52.440+0000] {logging_mixin.py:188} INFO - https://www.youtube.com/watch?v=ax6GtKBV4o4
[2024-05-12T13:03:52.440+0000] {logging_mixin.py:188} INFO - https://www.youtube.com/watch?v=6Y6pv4dgwok
[2024-05-12T13:03:52.440+0000] {logging_mixin.py:188} INFO - https://www.youtube.com/watch?v=6Y6pv4dgwok
[2024-05-12T13:03:52.441+0000] {logging_mixin.py:188} INFO - https://www.youtube.com/watch?v=368pk1LtbvY
[2024-05-12T13:03:52.441+0000] {logging_mixin.py:188} INFO - https://www.youtube.com/watch?v=368pk1LtbvY
[2024-05-12T13:03:52.441+0000] {logging_mixin.py:188} INFO - https://www.youtube.com/watch?v=ZKNxVl6yFyc
[2024-05-12T13:03:52.441+0000] {logging_mixin.py:188} INFO - https://www.youtube.com/watch?v=ZKNxVl6yFyc
[2024-05-12T13:03:52.441+0000] {logging_mixin.py:188} INFO - https://www.youtube.com/watch?v=1j9DKEupIUY
[2024-05-12T13:03:52.441+0000] {logging_mixin.py:188} INFO - https://www.youtube.com/watch?v=1j9DKEupIUY
[2024-05-12T13:03:52.442+0000] {logging_mixin.py:188} INFO - https://www.youtube.com/watch?v=2FbxyFxRHdM
[2024-05-12T13:03:52.442+0000] {logging_mixin.py:188} INFO - https://www.youtube.com/watch?v=2FbxyFxRHdM
[2024-05-12T13:03:52.442+0000] {logging_mixin.py:188} INFO - /must-read
[2024-05-12T13:03:52.442+0000] {logging_mixin.py:188} INFO - https://www.dawn.com/news/1832981
[2024-05-12T13:03:52.442+0000] {logging_mixin.py:188} INFO - https://www.dawn.com/news/1832981
[2024-05-12T13:03:52.443+0000] {logging_mixin.py:188} INFO - https://www.dawn.com/news/1332592
[2024-05-12T13:03:52.443+0000] {logging_mixin.py:188} INFO - https://www.dawn.com/news/1332592
[2024-05-12T13:03:52.443+0000] {logging_mixin.py:188} INFO - https://www.dawn.com/news/1833021
[2024-05-12T13:03:52.443+0000] {logging_mixin.py:188} INFO - https://www.dawn.com/news/1833021
[2024-05-12T13:03:52.443+0000] {logging_mixin.py:188} INFO - https://www.dawn.com/news/1832983/who-can-rock-the-hybrid-boat
[2024-05-12T13:03:52.444+0000] {logging_mixin.py:188} INFO - https://www.dawn.com/news/1832983/who-can-rock-the-hybrid-boat
[2024-05-12T13:03:52.444+0000] {logging_mixin.py:188} INFO - https://www.dawn.com/news/1832997/looming-pension-crisis-cries-out-for-corrective-measures
[2024-05-12T13:03:52.444+0000] {logging_mixin.py:188} INFO - https://www.dawn.com/news/1832997/looming-pension-crisis-cries-out-for-corrective-measures
[2024-05-12T13:03:52.444+0000] {logging_mixin.py:188} INFO - https://www.dawn.com/news/1833014
[2024-05-12T13:03:52.444+0000] {logging_mixin.py:188} INFO - https://www.dawn.com/news/1833014
[2024-05-12T13:03:52.444+0000] {logging_mixin.py:188} INFO - https://www.dawn.com/news/1832987
[2024-05-12T13:03:52.445+0000] {logging_mixin.py:188} INFO - https://www.dawn.com/news/1832987
[2024-05-12T13:03:52.445+0000] {logging_mixin.py:188} INFO - https://www.dawn.com/news/1832965/love-knows-no-boundaries-at-karachis-edhi-home-nursery-for-special-children
[2024-05-12T13:03:52.445+0000] {logging_mixin.py:188} INFO - https://www.dawn.com/news/1832965/love-knows-no-boundaries-at-karachis-edhi-home-nursery-for-special-children
[2024-05-12T13:03:52.445+0000] {logging_mixin.py:188} INFO - https://www.dawn.com/news/1832958/documentary-on-dr-aafia-siddiqui-launched-in-karachi
[2024-05-12T13:03:52.445+0000] {logging_mixin.py:188} INFO - https://www.dawn.com/news/1832958/documentary-on-dr-aafia-siddiqui-launched-in-karachi
[2024-05-12T13:03:52.446+0000] {logging_mixin.py:188} INFO - https://www.dawn.com/news/1832974
[2024-05-12T13:03:52.446+0000] {logging_mixin.py:188} INFO - https://www.dawn.com/news/1832974
[2024-05-12T13:03:52.446+0000] {logging_mixin.py:188} INFO - https://www.dawn.com/news/1832982
[2024-05-12T13:03:52.446+0000] {logging_mixin.py:188} INFO - https://www.dawn.com/news/1832982
[2024-05-12T13:03:52.446+0000] {logging_mixin.py:188} INFO - https://www.dawn.com/sponsor-content
[2024-05-12T13:03:52.446+0000] {logging_mixin.py:188} INFO - https://www.dawn.com/news/1833048/to-draw-or-not-to-draw
[2024-05-12T13:03:52.447+0000] {logging_mixin.py:188} INFO - https://www.dawn.com/news/1833048/to-draw-or-not-to-draw
[2024-05-12T13:03:52.447+0000] {logging_mixin.py:188} INFO - https://www.dawn.com/news/1831567
[2024-05-12T13:03:52.447+0000] {logging_mixin.py:188} INFO - https://www.dawn.com/news/1831567
[2024-05-12T13:03:52.447+0000] {logging_mixin.py:188} INFO - https://www.dawn.com/authors/9835/nadir-guramani
[2024-05-12T13:03:52.447+0000] {logging_mixin.py:188} INFO - https://www.dawn.com/authors/2617/jamil-nagri
[2024-05-12T13:03:52.448+0000] {logging_mixin.py:188} INFO - https://www.dawn.com/authors/934/tariq-naqash
[2024-05-12T13:03:52.448+0000] {logging_mixin.py:188} INFO - https://www.dawn.com/authors/1521/zahoor
[2024-05-12T13:03:52.448+0000] {logging_mixin.py:188} INFO - https://www.dawn.com/authors/262/iftikhar-a-khan
[2024-05-12T13:03:52.448+0000] {logging_mixin.py:188} INFO - https://www.dawn.com/news/1832658/pakistans-icube-qamar-beams-back-first-images-from-moons-orbit
[2024-05-12T13:03:52.448+0000] {logging_mixin.py:188} INFO - /pakistan
[2024-05-12T13:03:52.449+0000] {logging_mixin.py:188} INFO - https://www.dawn.com/news/1832658/pakistans-icube-qamar-beams-back-first-images-from-moons-orbit
[2024-05-12T13:03:52.449+0000] {logging_mixin.py:188} INFO - https://www.dawn.com/news/1832750/ruling-coalition-loses-27-reserved-seats-in-punjab
[2024-05-12T13:03:52.449+0000] {logging_mixin.py:188} INFO - /pakistan
[2024-05-12T13:03:52.449+0000] {logging_mixin.py:188} INFO - https://www.dawn.com/news/1832750/ruling-coalition-loses-27-reserved-seats-in-punjab
[2024-05-12T13:03:52.449+0000] {logging_mixin.py:188} INFO - https://www.dawn.com/news/1832796/pia-staff-forgets-to-put-boys-body-on-plane
[2024-05-12T13:03:52.450+0000] {logging_mixin.py:188} INFO - /pakistan
[2024-05-12T13:03:52.450+0000] {logging_mixin.py:188} INFO - https://www.dawn.com/news/1832796/pia-staff-forgets-to-put-boys-body-on-plane
[2024-05-12T13:03:52.450+0000] {logging_mixin.py:188} INFO - https://www.dawn.com/news/1832699/downside-risks-for-pakistan-remain-exceptionally-high-imf
[2024-05-12T13:03:52.450+0000] {logging_mixin.py:188} INFO - /business
[2024-05-12T13:03:52.450+0000] {logging_mixin.py:188} INFO - https://www.dawn.com/news/1832699/downside-risks-for-pakistan-remain-exceptionally-high-imf
[2024-05-12T13:03:52.450+0000] {logging_mixin.py:188} INFO - https://www.dawn.com/news/1832670/pakistan-remain-unbeaten-in-azlan-shah-cup-as-match-with-new-zealand-ends-in-tie
[2024-05-12T13:03:52.451+0000] {logging_mixin.py:188} INFO - /sport
[2024-05-12T13:03:52.451+0000] {logging_mixin.py:188} INFO - https://www.dawn.com/news/1832670/pakistan-remain-unbeaten-in-azlan-shah-cup-as-match-with-new-zealand-ends-in-tie
[2024-05-12T13:03:52.451+0000] {logging_mixin.py:188} INFO - /opinion
[2024-05-12T13:03:52.451+0000] {logging_mixin.py:188} INFO - https://www.dawn.com/news/1832983/who-can-rock-the-hybrid-boat
[2024-05-12T13:03:52.451+0000] {logging_mixin.py:188} INFO - https://www.dawn.com/news/1832983/who-can-rock-the-hybrid-boat
[2024-05-12T13:03:52.452+0000] {logging_mixin.py:188} INFO - https://www.dawn.com/authors/112/abbas-nasir
[2024-05-12T13:03:52.452+0000] {logging_mixin.py:188} INFO - https://www.dawn.com/news/1832982/insurgency-and-social-change
[2024-05-12T13:03:52.452+0000] {logging_mixin.py:188} INFO - https://www.dawn.com/news/1832982/insurgency-and-social-change
[2024-05-12T13:03:52.452+0000] {logging_mixin.py:188} INFO - https://www.dawn.com/authors/363/muhammad-amir-rana
[2024-05-12T13:03:52.452+0000] {logging_mixin.py:188} INFO - https://www.dawn.com/news/1832981/indian-elections
[2024-05-12T13:03:52.452+0000] {logging_mixin.py:188} INFO - https://www.dawn.com/news/1832981/indian-elections
[2024-05-12T13:03:52.453+0000] {logging_mixin.py:188} INFO - https://www.dawn.com/authors/9600/aizaz-ahmad-chaudhry
[2024-05-12T13:03:52.453+0000] {logging_mixin.py:188} INFO - https://www.dawn.com/news/1832979/overflowing-cups
[2024-05-12T13:03:52.453+0000] {logging_mixin.py:188} INFO - https://www.dawn.com/news/1832979/overflowing-cups
[2024-05-12T13:03:52.453+0000] {logging_mixin.py:188} INFO - https://www.dawn.com/authors/1320/muna-khan
[2024-05-12T13:03:52.453+0000] {logging_mixin.py:188} INFO - https://www.dawn.com/news/1832832/the-lethal-troika
[2024-05-12T13:03:52.454+0000] {logging_mixin.py:188} INFO - https://www.dawn.com/news/1832832/the-lethal-troika
[2024-05-12T13:03:52.454+0000] {logging_mixin.py:188} INFO - https://www.dawn.com/authors/3134/tariq-parvez
[2024-05-12T13:03:52.454+0000] {logging_mixin.py:188} INFO - /newspaper/editorial
[2024-05-12T13:03:52.454+0000] {logging_mixin.py:188} INFO - https://www.dawn.com/news/1832987/a-turbulent-2023
[2024-05-12T13:03:52.455+0000] {logging_mixin.py:188} INFO - https://www.dawn.com/news/1832986/a-moral-victory
[2024-05-12T13:03:52.455+0000] {logging_mixin.py:188} INFO - https://www.dawn.com/news/1832984/hope-after-defeat
[2024-05-12T13:03:52.455+0000] {logging_mixin.py:188} INFO - https://www.dawn.com/news/1832985/cartoon-12-may-2024
[2024-05-12T13:03:52.455+0000] {logging_mixin.py:188} INFO - https://www.dawn.com/authors/3134/tariq-parvez
[2024-05-12T13:03:52.455+0000] {logging_mixin.py:188} INFO - https://www.dawn.com/news/1832832/the-lethal-troika
[2024-05-12T13:03:52.456+0000] {logging_mixin.py:188} INFO - https://www.dawn.com/authors/675/khurram-husain
[2024-05-12T13:03:52.456+0000] {logging_mixin.py:188} INFO - https://www.dawn.com/news/1832368/the-net-metering-dead-end
[2024-05-12T13:03:52.456+0000] {logging_mixin.py:188} INFO - https://www.dawn.com/authors/815/reema-omer
[2024-05-12T13:03:52.456+0000] {logging_mixin.py:188} INFO - https://www.dawn.com/news/1832831/an-inclusive-judiciary
[2024-05-12T13:03:52.456+0000] {logging_mixin.py:188} INFO - https://www.dawn.com/authors/5582/sahar-bandial
[2024-05-12T13:03:52.456+0000] {logging_mixin.py:188} INFO - https://www.dawn.com/news/1832829/child-marriages
[2024-05-12T13:03:52.457+0000] {logging_mixin.py:188} INFO - https://www.dawn.com/authors/568/faisal-bari
[2024-05-12T13:03:52.457+0000] {logging_mixin.py:188} INFO - https://www.dawn.com/news/1832621/education-emergency
[2024-05-12T13:03:52.457+0000] {logging_mixin.py:188} INFO - https://www.dawn.com/authors/2112/mohammad-ali-babakhel
[2024-05-12T13:03:52.457+0000] {logging_mixin.py:188} INFO - https://www.dawn.com/news/1832830/street-safety
[2024-05-12T13:03:52.457+0000] {logging_mixin.py:188} INFO - /business
[2024-05-12T13:03:52.457+0000] {logging_mixin.py:188} INFO - https://www.dawn.com/news/1833053/imf-mission-to-meet-pakistani-authorities-next-week-to-discuss-next-phase-of-engagement-official
[2024-05-12T13:03:52.458+0000] {logging_mixin.py:188} INFO - https://www.dawn.com/news/1833053/imf-mission-to-meet-pakistani-authorities-next-week-to-discuss-next-phase-of-engagement-official
[2024-05-12T13:03:52.458+0000] {logging_mixin.py:188} INFO - https://www.dawn.com/news/1833050/no-such-thing-as-strategic-state-owned-enterprises-says-finance-minister-aurangzeb
[2024-05-12T13:03:52.458+0000] {logging_mixin.py:188} INFO - https://www.dawn.com/news/1833050/no-such-thing-as-strategic-state-owned-enterprises-says-finance-minister-aurangzeb
[2024-05-12T13:03:52.458+0000] {logging_mixin.py:188} INFO - https://www.dawn.com/news/1833000/adb-links-support-with-imfs-clean-chit
[2024-05-12T13:03:52.458+0000] {logging_mixin.py:188} INFO - https://www.dawn.com/news/1833000/adb-links-support-with-imfs-clean-chit
[2024-05-12T13:03:52.459+0000] {logging_mixin.py:188} INFO - https://www.dawn.com/news/1832993/areas-of-cooperation-with-saudi-arabia-identified-pm-shehbaz
[2024-05-12T13:03:52.459+0000] {logging_mixin.py:188} INFO - https://www.dawn.com/news/1832993/areas-of-cooperation-with-saudi-arabia-identified-pm-shehbaz
[2024-05-12T13:03:52.459+0000] {logging_mixin.py:188} INFO - https://www.dawn.com/news/1832994
[2024-05-12T13:03:52.459+0000] {logging_mixin.py:188} INFO - https://www.dawn.com/news/1832994
[2024-05-12T13:03:52.459+0000] {logging_mixin.py:188} INFO - https://www.dawn.com/news/1832999/exports-to-europe-fall-despite-gsp
[2024-05-12T13:03:52.460+0000] {logging_mixin.py:188} INFO - https://www.dawn.com/news/1832999/exports-to-europe-fall-despite-gsp
[2024-05-12T13:03:52.460+0000] {logging_mixin.py:188} INFO - /sport
[2024-05-12T13:03:52.460+0000] {logging_mixin.py:188} INFO - https://www.dawn.com/news/1833052/fight-till-the-last-ball-pcb-chief-tells-cricket-team-in-dublin
[2024-05-12T13:03:52.460+0000] {logging_mixin.py:188} INFO - https://www.dawn.com/news/1833052/fight-till-the-last-ball-pcb-chief-tells-cricket-team-in-dublin
[2024-05-12T13:03:52.460+0000] {logging_mixin.py:188} INFO - https://www.dawn.com/news/1833021
[2024-05-12T13:03:52.460+0000] {logging_mixin.py:188} INFO - https://www.dawn.com/news/1833021
[2024-05-12T13:03:52.461+0000] {logging_mixin.py:188} INFO - https://www.dawn.com/news/1832946/bednarek-storms-to-200m-triumph-in-doha-neeraj-chopra-falls-short
[2024-05-12T13:03:52.461+0000] {logging_mixin.py:188} INFO - https://www.dawn.com/news/1832946/bednarek-storms-to-200m-triumph-in-doha-neeraj-chopra-falls-short
[2024-05-12T13:03:52.461+0000] {logging_mixin.py:188} INFO - https://www.dawn.com/news/1832928/real-madrid-eagerly-awaits-mbappe-after-psg-exit-confirmed
[2024-05-12T13:03:52.461+0000] {logging_mixin.py:188} INFO - https://www.dawn.com/news/1832928/real-madrid-eagerly-awaits-mbappe-after-psg-exit-confirmed
[2024-05-12T13:03:52.461+0000] {logging_mixin.py:188} INFO - https://www.dawn.com/news/1832945/djokovic-bottle-strike-overshadows-rome-open-cruise-past-moutet
[2024-05-12T13:03:52.462+0000] {logging_mixin.py:188} INFO - https://www.dawn.com/news/1832945/djokovic-bottle-strike-overshadows-rome-open-cruise-past-moutet
[2024-05-12T13:03:52.462+0000] {logging_mixin.py:188} INFO - https://www.dawn.com/news/1832868/sultan-azlan-shah-cup-pakistan-fall-as-dead-sport-recaptures-audience-once-again
[2024-05-12T13:03:52.462+0000] {logging_mixin.py:188} INFO - https://www.dawn.com/news/1832868/sultan-azlan-shah-cup-pakistan-fall-as-dead-sport-recaptures-audience-once-again
[2024-05-12T13:03:52.462+0000] {logging_mixin.py:188} INFO - /world
[2024-05-12T13:03:52.462+0000] {logging_mixin.py:188} INFO - https://www.dawn.com/news/1833046/second-night-of-auroras-seen-amid-extreme-solar-storm
[2024-05-12T13:03:52.463+0000] {logging_mixin.py:188} INFO - https://www.dawn.com/news/1833046/second-night-of-auroras-seen-amid-extreme-solar-storm
[2024-05-12T13:03:52.463+0000] {logging_mixin.py:188} INFO - https://www.dawn.com/news/1833042/canada-arrests-fourth-indian-national-in-killing-of-sikh-activist
[2024-05-12T13:03:52.463+0000] {logging_mixin.py:188} INFO - https://www.dawn.com/news/1833042/canada-arrests-fourth-indian-national-in-killing-of-sikh-activist
[2024-05-12T13:03:52.463+0000] {logging_mixin.py:188} INFO - https://www.dawn.com/news/1832947/israel-orders-palestinians-to-evacuate-from-more-areas-of-rafah
[2024-05-12T13:03:52.463+0000] {logging_mixin.py:188} INFO - https://www.dawn.com/news/1832947/israel-orders-palestinians-to-evacuate-from-more-areas-of-rafah
[2024-05-12T13:03:52.464+0000] {logging_mixin.py:188} INFO - https://www.dawn.com/news/1832948/uae-hits-out-at-netanyahu-for-saying-it-may-help-run-gaza
[2024-05-12T13:03:52.464+0000] {logging_mixin.py:188} INFO - https://www.dawn.com/news/1832948/uae-hits-out-at-netanyahu-for-saying-it-may-help-run-gaza
[2024-05-12T13:03:52.464+0000] {logging_mixin.py:188} INFO - https://www.dawn.com/news/1833001/washington-says-use-of-its-weapons-by-tel-aviv-in-gaza-violated-law
[2024-05-12T13:03:52.464+0000] {logging_mixin.py:188} INFO - https://www.dawn.com/news/1833001/washington-says-use-of-its-weapons-by-tel-aviv-in-gaza-violated-law
[2024-05-12T13:03:52.464+0000] {logging_mixin.py:188} INFO - https://www.dawn.com/news/1833009/delhi-cm-kejriwal-exhorts-indians-to-resist-dictatorship
[2024-05-12T13:03:52.465+0000] {logging_mixin.py:188} INFO - https://www.dawn.com/news/1833009/delhi-cm-kejriwal-exhorts-indians-to-resist-dictatorship
[2024-05-12T13:03:52.465+0000] {logging_mixin.py:188} INFO - https://images.dawn.com
[2024-05-12T13:03:52.465+0000] {logging_mixin.py:188} INFO - https://images.dawn.com/news/1192429/men-must-take-the-lead-in-standing-up-against-sexual-harassment-says-hamza-ali-abbasi
[2024-05-12T13:03:52.465+0000] {logging_mixin.py:188} INFO - https://images.dawn.com/news/1192429/men-must-take-the-lead-in-standing-up-against-sexual-harassment-says-hamza-ali-abbasi
[2024-05-12T13:03:52.465+0000] {logging_mixin.py:188} INFO - https://www.dawn.com/authors/5777/images-staff
[2024-05-12T13:03:52.465+0000] {logging_mixin.py:188} INFO - https://images.dawn.com/news/1192428/we-asked-moms-what-they-really-want-for-mothers-day-and-no-it-isnt-a-kurta-or-a-candle
[2024-05-12T13:03:52.466+0000] {logging_mixin.py:188} INFO - https://images.dawn.com/news/1192428/we-asked-moms-what-they-really-want-for-mothers-day-and-no-it-isnt-a-kurta-or-a-candle
[2024-05-12T13:03:52.466+0000] {logging_mixin.py:188} INFO - https://www.dawn.com/authors/10857/mashael-shah
[2024-05-12T13:03:52.466+0000] {logging_mixin.py:188} INFO - https://images.dawn.com/news/1192427/going-loco-for-local-jugnus-chief-saab-candle-is-the-ultimate-karachi-kid-nostalgia
[2024-05-12T13:03:52.466+0000] {logging_mixin.py:188} INFO - https://images.dawn.com/news/1192427/going-loco-for-local-jugnus-chief-saab-candle-is-the-ultimate-karachi-kid-nostalgia
[2024-05-12T13:03:52.466+0000] {logging_mixin.py:188} INFO - https://www.dawn.com/authors/9236/siham-basir
[2024-05-12T13:03:52.467+0000] {logging_mixin.py:188} INFO - /prism
[2024-05-12T13:03:52.467+0000] {logging_mixin.py:188} INFO - https://www.dawn.com/news/1823323/fistula-and-child-marriages-the-two-epidemics-plaguing-women-in-gilgit-baltistan
[2024-05-12T13:03:52.467+0000] {logging_mixin.py:188} INFO - https://www.dawn.com/news/1823323/fistula-and-child-marriages-the-two-epidemics-plaguing-women-in-gilgit-baltistan
[2024-05-12T13:03:52.467+0000] {logging_mixin.py:188} INFO - https://www.dawn.com/authors/10965/shereen-karim
[2024-05-12T13:03:52.467+0000] {logging_mixin.py:188} INFO - https://www.dawn.com/news/1828987/2024-elections-whats-at-stake-for-indias-minorities
[2024-05-12T13:03:52.467+0000] {logging_mixin.py:188} INFO - https://www.dawn.com/news/1828987/2024-elections-whats-at-stake-for-indias-minorities
[2024-05-12T13:03:52.468+0000] {logging_mixin.py:188} INFO - https://www.dawn.com/authors/11014/sajjad-hassan
[2024-05-12T13:03:52.468+0000] {logging_mixin.py:188} INFO - https://www.dawn.com/news/1829562/from-screens-to-streets-how-gen-z-is-disrupting-the-status-quo-and-redefining-activism
[2024-05-12T13:03:52.468+0000] {logging_mixin.py:188} INFO - https://www.dawn.com/news/1829562/from-screens-to-streets-how-gen-z-is-disrupting-the-status-quo-and-redefining-activism
[2024-05-12T13:03:52.468+0000] {logging_mixin.py:188} INFO - https://www.dawn.com/authors/5119/uzair-m-younus
[2024-05-12T13:03:52.468+0000] {logging_mixin.py:188} INFO - /tech
[2024-05-12T13:03:52.469+0000] {logging_mixin.py:188} INFO - https://www.dawn.com/news/1833005/art-group-employs-brainwaves-ai-to-recreate-landscapes
[2024-05-12T13:03:52.469+0000] {logging_mixin.py:188} INFO - https://www.dawn.com/news/1833005/art-group-employs-brainwaves-ai-to-recreate-landscapes
[2024-05-12T13:03:52.469+0000] {logging_mixin.py:188} INFO - https://www.dawn.com/authors/119/afp
[2024-05-12T13:03:52.469+0000] {logging_mixin.py:188} INFO - https://www.dawn.com/news/1832658/pakistans-icube-qamar-beams-back-first-images-from-moons-orbit
[2024-05-12T13:03:52.469+0000] {logging_mixin.py:188} INFO - https://www.dawn.com/news/1832658/pakistans-icube-qamar-beams-back-first-images-from-moons-orbit
[2024-05-12T13:03:52.469+0000] {logging_mixin.py:188} INFO - https://www.dawn.com/authors/9835/nadir-guramani
[2024-05-12T13:03:52.470+0000] {logging_mixin.py:188} INFO - https://www.dawn.com/news/1831980/people-with-two-copies-of-a-risk-gene-have-genetic-form-of-alzheimers-say-scientists
[2024-05-12T13:03:52.470+0000] {logging_mixin.py:188} INFO - https://www.dawn.com/news/1831980/people-with-two-copies-of-a-risk-gene-have-genetic-form-of-alzheimers-say-scientists
[2024-05-12T13:03:52.470+0000] {logging_mixin.py:188} INFO - https://www.dawn.com/authors/422/reuters
[2024-05-12T13:03:52.470+0000] {logging_mixin.py:188} INFO - /magazines/eos
[2024-05-12T13:03:52.471+0000] {logging_mixin.py:188} INFO - https://www.dawn.com/news/1833021/fifas-foul-on-pakistan-football
[2024-05-12T13:03:52.471+0000] {logging_mixin.py:188} INFO - https://www.dawn.com/news/1833021/fifas-foul-on-pakistan-football
[2024-05-12T13:03:52.471+0000] {logging_mixin.py:188} INFO - https://www.dawn.com/authors/943/umaid-wasim
[2024-05-12T13:03:52.471+0000] {logging_mixin.py:188} INFO - https://www.dawn.com/news/1833020/essay-were-ready-for-your-close-up-now
[2024-05-12T13:03:52.471+0000] {logging_mixin.py:188} INFO - https://www.dawn.com/news/1833020/essay-were-ready-for-your-close-up-now
[2024-05-12T13:03:52.472+0000] {logging_mixin.py:188} INFO - https://www.dawn.com/authors/9288/neha-maqsood
[2024-05-12T13:03:52.472+0000] {logging_mixin.py:188} INFO - https://www.dawn.com/news/1833019/football-girls-kicking-mountains
[2024-05-12T13:03:52.472+0000] {logging_mixin.py:188} INFO - https://www.dawn.com/news/1833019/football-girls-kicking-mountains
[2024-05-12T13:03:52.472+0000] {logging_mixin.py:188} INFO - https://www.dawn.com/authors/9361/somaiyah-hafeez
[2024-05-12T13:03:52.472+0000] {logging_mixin.py:188} INFO - /magazines/icon
[2024-05-12T13:03:52.472+0000] {logging_mixin.py:188} INFO - https://www.dawn.com/news/1832575/style-all-about-my-mother
[2024-05-12T13:03:52.473+0000] {logging_mixin.py:188} INFO - https://www.dawn.com/news/1832575/style-all-about-my-mother
[2024-05-12T13:03:52.473+0000] {logging_mixin.py:188} INFO - https://www.dawn.com/authors/1245/maliha-rehman
[2024-05-12T13:03:52.474+0000] {logging_mixin.py:188} INFO - https://www.dawn.com/news/1832572/soundscape-and-now-ai-music
[2024-05-12T13:03:52.474+0000] {logging_mixin.py:188} INFO - https://www.dawn.com/news/1832572/soundscape-and-now-ai-music
[2024-05-12T13:03:52.474+0000] {logging_mixin.py:188} INFO - https://www.dawn.com/authors/11037/oliver-bown
[2024-05-12T13:03:52.475+0000] {logging_mixin.py:188} INFO - https://www.dawn.com/news/1832574/the-grapevine
[2024-05-12T13:03:52.475+0000] {logging_mixin.py:188} INFO - https://www.dawn.com/news/1832574/the-grapevine
[2024-05-12T13:03:52.475+0000] {logging_mixin.py:188} INFO - https://www.dawn.com/authors/1734/pyt
[2024-05-12T13:03:52.475+0000] {logging_mixin.py:188} INFO - /newspaper/business-finance
[2024-05-12T13:03:52.476+0000] {logging_mixin.py:188} INFO - https://www.dawn.com/news/1831798/packaging-film-sector-on-the-rise
[2024-05-12T13:03:52.476+0000] {logging_mixin.py:188} INFO - https://www.dawn.com/news/1831798/packaging-film-sector-on-the-rise
[2024-05-12T13:03:52.476+0000] {logging_mixin.py:188} INFO - https://www.dawn.com/news/1831797/tax-reforms-easier-than-expected
[2024-05-12T13:03:52.477+0000] {logging_mixin.py:188} INFO - https://www.dawn.com/news/1831796/wheats-tricky-procurement
[2024-05-12T13:03:52.477+0000] {logging_mixin.py:188} INFO - /magazines/young-world
[2024-05-12T13:03:52.477+0000] {logging_mixin.py:188} INFO - https://www.dawn.com/news/1832758/echoes-of-love
[2024-05-12T13:03:52.478+0000] {logging_mixin.py:188} INFO - https://www.dawn.com/news/1832758/echoes-of-love
[2024-05-12T13:03:52.478+0000] {logging_mixin.py:188} INFO - https://www.dawn.com/news/1832757/mailbox
[2024-05-12T13:03:52.478+0000] {logging_mixin.py:188} INFO - https://www.dawn.com/news/1832756/mothers-day-a-letter-to-my-mum
[2024-05-12T13:03:52.479+0000] {logging_mixin.py:188} INFO - https://aurora.dawn.com
[2024-05-12T13:03:52.479+0000] {logging_mixin.py:188} INFO - https://aurora.dawn.com/news/1145113
[2024-05-12T13:03:52.479+0000] {logging_mixin.py:188} INFO - https://aurora.dawn.com/news/1145113
[2024-05-12T13:03:52.480+0000] {logging_mixin.py:188} INFO - https://aurora.dawn.com/news/1145109/the-agrarian-thespian
[2024-05-12T13:03:52.480+0000] {logging_mixin.py:188} INFO - https://aurora.dawn.com/news/1145073/incentivising-agri-financing
[2024-05-12T13:03:52.480+0000] {logging_mixin.py:188} INFO - https://www.chinadaily.com.cn/a/202405/12/WS66400d88a31082fc043c69eb.html
[2024-05-12T13:03:52.481+0000] {logging_mixin.py:188} INFO - https://www.chinadaily.com.cn/a/202405/11/WS663f2b3ba31082fc043c6995.html
[2024-05-12T13:03:52.481+0000] {logging_mixin.py:188} INFO - https://www.chinadaily.com.cn/a/202405/11/WS663f1a07a31082fc043c696d.html
[2024-05-12T13:03:52.481+0000] {logging_mixin.py:188} INFO - https://asianews.network/
[2024-05-12T13:03:52.482+0000] {logging_mixin.py:188} INFO - https://www.chinadaily.com.cn/a/202405/12/WS66400d88a31082fc043c69eb.html
[2024-05-12T13:03:52.482+0000] {logging_mixin.py:188} INFO - https://www.chinadaily.com.cn/a/202405/11/WS663f2b3ba31082fc043c6995.html
[2024-05-12T13:03:52.483+0000] {logging_mixin.py:188} INFO - https://www.chinadaily.com.cn/a/202405/11/WS663f1a07a31082fc043c696d.html
[2024-05-12T13:03:52.483+0000] {logging_mixin.py:188} INFO - https://asianews.network/
[2024-05-12T13:03:52.483+0000] {logging_mixin.py:188} INFO - https://www.dawn.com/
[2024-05-12T13:03:52.484+0000] {logging_mixin.py:188} INFO - https://www.compunode.com/
[2024-05-12T13:03:52.484+0000] {logging_mixin.py:188} INFO - https://www.dawn.com
[2024-05-12T13:03:52.484+0000] {logging_mixin.py:188} INFO - https://whatsapp.com/channel/0029VaMc238IiRov8okfYy3n
[2024-05-12T13:03:52.484+0000] {logging_mixin.py:188} INFO - https://twitter.com/dawn_com
[2024-05-12T13:03:52.485+0000] {logging_mixin.py:188} INFO - https://www.facebook.com/dawndotcom
[2024-05-12T13:03:52.485+0000] {logging_mixin.py:188} INFO - https://www.instagram.com/dawn.today/
[2024-05-12T13:03:52.486+0000] {logging_mixin.py:188} INFO - https://itunes.apple.com/pk/app/dawn-official-mobile-app/id935631940
[2024-05-12T13:03:52.486+0000] {logging_mixin.py:188} INFO - https://play.google.com/store/apps/details?id=com.mictronicx.dawn
[2024-05-12T13:03:52.486+0000] {logging_mixin.py:188} INFO - https://appgallery.huawei.com/#/app/C104007373
[2024-05-12T13:03:52.486+0000] {logging_mixin.py:188} INFO - /contact
[2024-05-12T13:03:52.487+0000] {logging_mixin.py:188} INFO - /terms
[2024-05-12T13:03:52.487+0000] {logging_mixin.py:188} INFO - /reproduction-copyrights
[2024-05-12T13:03:52.487+0000] {logging_mixin.py:188} INFO - /contribution-guidelines
[2024-05-12T13:03:52.488+0000] {logging_mixin.py:188} INFO - /privacy
[2024-05-12T13:03:52.488+0000] {logging_mixin.py:188} INFO - /comments-policy
[2024-05-12T13:03:52.488+0000] {logging_mixin.py:188} INFO - /code-of-ethics
[2024-05-12T13:03:52.488+0000] {logging_mixin.py:188} INFO - /subscription
[2024-05-12T13:03:52.488+0000] {logging_mixin.py:188} INFO - /marketing
[2024-05-12T13:03:52.489+0000] {logging_mixin.py:188} INFO - /sponsor-content
[2024-05-12T13:03:52.489+0000] {logging_mixin.py:188} INFO - https://classifieds.dawn.com
[2024-05-12T13:03:52.489+0000] {logging_mixin.py:188} INFO - https://obituary.dawn.com
[2024-05-12T13:03:52.489+0000] {logging_mixin.py:188} INFO - /prayers-timings
[2024-05-12T13:03:52.489+0000] {logging_mixin.py:188} INFO - /stocks
[2024-05-12T13:03:52.490+0000] {logging_mixin.py:188} INFO - /weather
[2024-05-12T13:03:52.490+0000] {logging_mixin.py:188} INFO - /
[2024-05-12T13:03:52.490+0000] {logging_mixin.py:188} INFO - https://herald.dawn.com
[2024-05-12T13:03:52.490+0000] {logging_mixin.py:188} INFO - https://aurora.dawn.com
[2024-05-12T13:03:52.490+0000] {logging_mixin.py:188} INFO - /prism
[2024-05-12T13:03:52.491+0000] {logging_mixin.py:188} INFO - https://www.dawnnews.tv/
[2024-05-12T13:03:52.491+0000] {logging_mixin.py:188} INFO - https://images.dawn.com
[2024-05-12T13:03:52.491+0000] {logging_mixin.py:188} INFO - /magazines
[2024-05-12T13:03:52.491+0000] {logging_mixin.py:188} INFO - https://cityfm89.com
[2024-05-12T13:03:52.492+0000] {logging_mixin.py:188} INFO - https://www.youtube.com/channel/UCkMdI0K-74jAjOmh5J5H97Q
[2024-05-12T13:03:52.493+0000] {python.py:237} INFO - Done. Returned value was: None
[2024-05-12T13:03:52.493+0000] {taskinstance.py:441} INFO - ::group::Post task execution logs
[2024-05-12T13:03:52.499+0000] {taskinstance.py:1206} INFO - Marking task as SUCCESS. dag_id=mlops-dag, task_id=Task_1, run_id=manual__2024-05-12T13:03:49.389816+00:00, execution_date=20240512T130349, start_date=20240512T130350, end_date=20240512T130352
[2024-05-12T13:03:52.551+0000] {local_task_job_runner.py:240} INFO - Task exited with return code 0
[2024-05-12T13:03:52.569+0000] {taskinstance.py:3498} INFO - 1 downstream tasks scheduled from follow-on schedule check
[2024-05-12T13:03:52.571+0000] {local_task_job_runner.py:222} INFO - ::endgroup::
