[2024-05-12T15:04:42.338+0000] {local_task_job_runner.py:120} INFO - ::group::Pre task execution logs
[2024-05-12T15:04:42.355+0000] {taskinstance.py:2076} INFO - Dependencies all met for dep_context=non-requeueable deps ti=<TaskInstance: web_article_scraping.load manual__2024-05-12T15:04:31.723483+00:00 [queued]>
[2024-05-12T15:04:42.360+0000] {taskinstance.py:2076} INFO - Dependencies all met for dep_context=requeueable deps ti=<TaskInstance: web_article_scraping.load manual__2024-05-12T15:04:31.723483+00:00 [queued]>
[2024-05-12T15:04:42.361+0000] {taskinstance.py:2306} INFO - Starting attempt 1 of 1
[2024-05-12T15:04:42.370+0000] {taskinstance.py:2330} INFO - Executing <Task(PythonOperator): load> on 2024-05-12 15:04:31.723483+00:00
[2024-05-12T15:04:42.375+0000] {warnings.py:110} WARNING - /home/***/.local/lib/python3.12/site-packages/***/task/task_runner/standard_task_runner.py:61: DeprecationWarning: This process (pid=3874) is multi-threaded, use of fork() may lead to deadlocks in the child.
  pid = os.fork()

[2024-05-12T15:04:42.376+0000] {standard_task_runner.py:63} INFO - Started process 3876 to run task
[2024-05-12T15:04:42.376+0000] {standard_task_runner.py:90} INFO - Running: ['***', 'tasks', 'run', 'web_article_scraping', 'load', 'manual__2024-05-12T15:04:31.723483+00:00', '--job-id', '59', '--raw', '--subdir', 'DAGS_FOLDER/mlops_dag.py', '--cfg-path', '/tmp/tmp8htvvayd']
[2024-05-12T15:04:42.377+0000] {standard_task_runner.py:91} INFO - Job 59: Subtask load
[2024-05-12T15:04:42.414+0000] {task_command.py:426} INFO - Running <TaskInstance: web_article_scraping.load manual__2024-05-12T15:04:31.723483+00:00 [running]> on host 8b349270b58a
[2024-05-12T15:04:42.468+0000] {taskinstance.py:2648} INFO - Exporting env vars: AIRFLOW_CTX_DAG_OWNER='***' AIRFLOW_CTX_DAG_ID='web_article_scraping' AIRFLOW_CTX_TASK_ID='load' AIRFLOW_CTX_EXECUTION_DATE='2024-05-12T15:04:31.723483+00:00' AIRFLOW_CTX_TRY_NUMBER='1' AIRFLOW_CTX_DAG_RUN_ID='manual__2024-05-12T15:04:31.723483+00:00'
[2024-05-12T15:04:42.470+0000] {taskinstance.py:430} INFO - ::endgroup::
[2024-05-12T15:04:43.962+0000] {mlops_dag.py:34} WARNING - No valid title or description for URL: https://www.bbc.com/news/world-europe-68998913
[2024-05-12T15:04:43.963+0000] {mlops_dag.py:78} INFO - No data extracted for https://www.bbc.com/news/world-europe-68998913
[2024-05-12T15:04:44.130+0000] {mlops_dag.py:34} WARNING - No valid title or description for URL: https://www.bbc.com/news/uk-politics-68999212
[2024-05-12T15:04:44.131+0000] {mlops_dag.py:78} INFO - No data extracted for https://www.bbc.com/news/uk-politics-68999212
[2024-05-12T15:04:44.295+0000] {mlops_dag.py:34} WARNING - No valid title or description for URL: https://www.bbc.com/news/world-europe-68998913
[2024-05-12T15:04:44.296+0000] {mlops_dag.py:78} INFO - No data extracted for https://www.bbc.com/news/world-europe-68998913
[2024-05-12T15:04:44.462+0000] {mlops_dag.py:34} WARNING - No valid title or description for URL: https://www.bbc.com/news/uk-politics-68999212
[2024-05-12T15:04:44.464+0000] {mlops_dag.py:78} INFO - No data extracted for https://www.bbc.com/news/uk-politics-68999212
[2024-05-12T15:04:44.633+0000] {mlops_dag.py:34} WARNING - No valid title or description for URL: https://www.bbc.com/news/articles/c72p0xx410xo
[2024-05-12T15:04:44.634+0000] {mlops_dag.py:78} INFO - No data extracted for https://www.bbc.com/news/articles/c72p0xx410xo
[2024-05-12T15:04:44.800+0000] {mlops_dag.py:34} WARNING - No valid title or description for URL: https://www.bbc.com/news/world-us-canada-68996066
[2024-05-12T15:04:44.802+0000] {mlops_dag.py:78} INFO - No data extracted for https://www.bbc.com/news/world-us-canada-68996066
[2024-05-12T15:04:44.971+0000] {mlops_dag.py:34} WARNING - No valid title or description for URL: https://www.bbc.com/news/world-us-canada-68991796
[2024-05-12T15:04:44.972+0000] {mlops_dag.py:78} INFO - No data extracted for https://www.bbc.com/news/world-us-canada-68991796
[2024-05-12T15:04:45.331+0000] {python.py:237} INFO - Done. Returned value was: None
[2024-05-12T15:04:45.332+0000] {taskinstance.py:441} INFO - ::group::Post task execution logs
[2024-05-12T15:04:45.338+0000] {taskinstance.py:1206} INFO - Marking task as SUCCESS. dag_id=web_article_scraping, task_id=load, run_id=manual__2024-05-12T15:04:31.723483+00:00, execution_date=20240512T150431, start_date=20240512T150442, end_date=20240512T150445
[2024-05-12T15:04:45.401+0000] {local_task_job_runner.py:240} INFO - Task exited with return code 0
[2024-05-12T15:04:45.417+0000] {taskinstance.py:3498} INFO - 1 downstream tasks scheduled from follow-on schedule check
[2024-05-12T15:04:45.418+0000] {local_task_job_runner.py:222} INFO - ::endgroup::
